11:40:31.839 [main                     ] DEBUG GameApplication      - Logger initialized
11:40:31.855 [main                     ] DEBUG GameApplication      - Logging settings
Title: Project B
Version: Θ
Width: 600
Height: 600
Fullscreen: false
Intro: false
Menus: false
Profiling: false
Single step:false
App Mode: DEVELOPER
Menu Key: ESCAPE
Stage Style: DECORATED
Scene Factory: class com.almasb.fxgl.app.scene.SceneFactory

11:40:32.231 [JavaFX Application Thread] DEBUG GameApplication      - Initializing FXGL
11:40:32.239 [JavaFX Application Thread] INFO  Engine               - FXGL-11.8 (08.03.2020 09.25) on WINDOWS (J:14.0.1 FX:13.0.2)
11:40:32.239 [JavaFX Application Thread] INFO  Engine               - Source code and latest versions at: https://github.com/AlmasB/FXGL
11:40:32.239 [JavaFX Application Thread] INFO  Engine               -              Join the FXGL chat at: https://gitter.im/AlmasB/FXGL
11:40:32.353 [JavaFX Application Thread] DEBUG MainWindow           - Creating a JavaFX scene
11:40:32.403 [JavaFX Application Thread] DEBUG MainWindow           - Target settings size: 600.0 x 600.0
11:40:32.403 [JavaFX Application Thread] DEBUG MainWindow           - Scaled scene size:    600.0 x 600.0
11:40:32.404 [JavaFX Application Thread] DEBUG MainWindow           - Scaled ratio: (1.0, 1.0)
11:40:32.405 [JavaFX Application Thread] DEBUG MainWindow           - Set initial scene to FXGLStartupScene
11:40:32.411 [JavaFX Application Thread] DEBUG MainWindow           - Opening main window
11:40:32.483 [JavaFX Application Thread] DEBUG MainWindow           - Window border size: (16.0, 39.0)
11:40:32.483 [JavaFX Application Thread] DEBUG MainWindow           - Scaled size: 600.0 x 600.0
11:40:32.483 [JavaFX Application Thread] DEBUG MainWindow           - Scaled ratio: (1.0, 1.0)
11:40:32.483 [JavaFX Application Thread] DEBUG MainWindow           - Scene size: 600.0 x 600.0
11:40:32.483 [JavaFX Application Thread] DEBUG MainWindow           - Stage size: 616.0 x 639.0
11:40:32.490 [FXGL Background Thread 1 ] DEBUG Engine               - Initializing environment variables
11:40:32.510 [FXGL Background Thread 1 ] DEBUG WindowService        - Applying CSS: fxgl_dark.css
11:40:32.510 [FXGL Background Thread 1 ] DEBUG AssetLoaderService   - Loading from file system: /assets/ui/css/fxgl_dark.css
11:40:32.547 [FXGL Background Thread 1 ] DEBUG WindowService        - Initializing application scenes
11:40:32.574 [FXGL Background Thread 1 ] DEBUG GameWorld            - Game world initialized
11:40:32.608 [FXGL Background Thread 1 ] DEBUG PhysicsWorld         - Physics world initialized: appHeight=600, physics.ppm=50.0
11:40:32.610 [FXGL Background Thread 1 ] DEBUG GameScene            - Game scene initialized: 600x600
11:40:32.617 [FXGL Background Thread 1 ] DEBUG Input                - Registered new binding: Resume - Esc
11:40:32.622 [FXGL Background Thread 1 ] DEBUG AssetLoaderService   - Loading from file system: /assets/textures/pause_menu_bg.png
11:40:32.670 [FXGL Background Thread 1 ] DEBUG Input                - Registered new binding: Pause - Esc
11:40:32.670 [FXGL Background Thread 1 ] DEBUG WindowService        - Application scenes initialized
11:40:32.679 [FXGL Background Thread 1 ] DEBUG SystemBundleService  - Loading FXGL system data
11:40:32.683 [FXGL Background Thread 1 ] DEBUG FileSystemAccess     - Reading from: C:\Users\Evan\IdeaProjects\Project-B\system\fxgl.bundle
11:40:32.688 [FXGL Background Thread 1 ] DEBUG SystemBundleService  - Bundle FXGL: {}
11:40:32.689 [FXGL Background Thread 1 ] INFO  Engine               - FXGL initialization took: 0.197 sec
11:40:32.690 [FXGL Background Thread 1 ] DEBUG GameApplication      - Loading localizations
11:40:32.691 [FXGL Background Thread 1 ] DEBUG AssetLoaderService   - Loading from file system: /assets/properties/languages/english.properties
11:40:32.692 [FXGL Background Thread 1 ] DEBUG AssetLoaderService   - Loading from file system: /assets/properties/languages/french.properties
11:40:32.693 [FXGL Background Thread 1 ] DEBUG AssetLoaderService   - Loading from file system: /assets/properties/languages/german.properties
11:40:32.695 [FXGL Background Thread 1 ] DEBUG AssetLoaderService   - Loading from file system: /assets/properties/languages/hungarian.properties
11:40:32.696 [FXGL Background Thread 1 ] DEBUG AssetLoaderService   - Loading from file system: /assets/properties/languages/russian.properties
11:40:32.698 [FXGL Background Thread 1 ] DEBUG GameApplication      - Registering font factories with UI factory
11:40:32.698 [FXGL Background Thread 1 ] DEBUG AssetLoaderService   - Loading from file system: /assets/ui/fonts/VarelaRound-Regular.ttf
11:40:32.736 [FXGL Background Thread 1 ] DEBUG AssetLoaderService   - Loading from file system: /assets/ui/fonts/Abel-Regular.ttf
11:40:32.739 [FXGL Background Thread 1 ] DEBUG AssetLoaderService   - Loading from file system: /assets/ui/fonts/lucida_console.ttf
11:40:32.743 [FXGL Background Thread 1 ] DEBUG AssetLoaderService   - Loading from file system: /assets/ui/fonts/Courier-Prime.ttf
11:40:32.749 [JavaFX Application Thread] DEBUG AssetLoaderService   - Loading from file system: /assets/textures/fxgl_icon.png
11:40:32.766 [JavaFX Application Thread] DEBUG AssetLoaderService   - Loading from file system: /assets/ui/cursors/fxgl_default.png
11:40:32.768 [JavaFX Application Thread] DEBUG Input                - Registered new binding: Screenshot - P
11:40:32.769 [JavaFX Application Thread] DEBUG Input                - Registered new binding: System info dump - CTRL+9
11:40:32.769 [JavaFX Application Thread] DEBUG Input                - Registered new binding: Restart - CTRL+R
11:40:32.770 [JavaFX Application Thread] DEBUG LoopRunner           - Starting loop
11:40:32.782 [JavaFX Application Thread] DEBUG FXGLStartupScene     - STARTUP
11:40:32.782 [JavaFX Application Thread] DEBUG WindowService        - Starting new game
11:40:32.785 [JavaFX Application Thread] DEBUG Input                - Clearing active input actions
11:40:32.795 [JavaFX Application Thread] DEBUG WindowService        - Removing overlay from FXGLStartupScene and adding to FXGLLoadingScene
11:40:32.796 [JavaFX Application Thread] DEBUG MainWindow           - FXGLStartupScene -> FXGLLoadingScene
11:40:32.796 [JavaFX Application Thread] DEBUG WindowService        - Clearing previous game
11:40:32.796 [JavaFX Application Thread] DEBUG GameScene            - Clearing game scene
11:40:32.796 [JavaFX Application Thread] DEBUG GameWorld            - Clearing game world
11:40:32.796 [JavaFX Application Thread] DEBUG PhysicsWorld         - Clearing physics world
11:40:32.798 [FXGL Background Thread 1 ] DEBUG GameApplication      - Initializing game
11:40:32.800 [FXGL Background Thread 1 ] INFO  GameApplication      - Game initialization took: 0.001 sec
11:40:32.837 [JavaFX Application Thread] DEBUG Input                - Clearing active input actions
11:40:32.848 [JavaFX Application Thread] DEBUG WindowService        - Removing overlay from FXGLLoadingScene and adding to GameScene
11:40:32.848 [JavaFX Application Thread] DEBUG MainWindow           - FXGLLoadingScene -> GameScene
11:40:35.690 [FXGL Background Thread 2 ] DEBUG Engine               - Logging environment variables
11:40:35.690 [FXGL Background Thread 2 ] DEBUG Engine               - achievements: []
11:40:35.690 [FXGL Background Thread 2 ] DEBUG Engine               - language: ObjectProperty [value: ENGLISH]
11:40:35.690 [FXGL Background Thread 2 ] DEBUG Engine               - isCloseConfirmation: false
11:40:35.691 [FXGL Background Thread 2 ] DEBUG Engine               - isProfilingEnabled: false
11:40:35.691 [FXGL Background Thread 2 ] DEBUG Engine               - soundNotification: core/notification.wav
11:40:35.691 [FXGL Background Thread 2 ] DEBUG Engine               - devShowBBoxProperty: BooleanProperty [value: false]
11:40:35.691 [FXGL Background Thread 2 ] DEBUG Engine               - pixelsPerMeter: 50.0
11:40:35.691 [FXGL Background Thread 2 ] DEBUG Engine               - appIcon: fxgl_icon.png
11:40:35.692 [FXGL Background Thread 2 ] DEBUG Engine               - soundMenuBack: menu/back.wav
11:40:35.692 [FXGL Background Thread 2 ] DEBUG Engine               - isFullScreenAllowed: false
11:40:35.692 [FXGL Background Thread 2 ] DEBUG Engine               - isIntroEnabled: false
11:40:35.692 [FXGL Background Thread 2 ] DEBUG Engine               - fontMono: lucida_console.ttf
11:40:35.692 [FXGL Background Thread 2 ] DEBUG Engine               - soundMenuSelect: menu/select.wav
11:40:35.692 [FXGL Background Thread 2 ] DEBUG Engine               - isWindows: true
11:40:35.693 [FXGL Background Thread 2 ] DEBUG Engine               - isMobile: false
11:40:35.693 [FXGL Background Thread 2 ] DEBUG Engine               - isUserProfileEnabled: false
11:40:35.693 [FXGL Background Thread 2 ] DEBUG Engine               - height: 600
11:40:35.693 [FXGL Background Thread 2 ] DEBUG Engine               - isExperimentalNative: false
11:40:35.693 [FXGL Background Thread 2 ] DEBUG Engine               - settings: Title: Project B
Version: Θ
Width: 600
Height: 600
Fullscreen: false
Intro: false
Menus: false
Profiling: false
Single step:false
App Mode: DEVELOPER
Menu Key: ESCAPE
Stage Style: DECORATED
Scene Factory: class com.almasb.fxgl.app.scene.SceneFactory

11:40:35.694 [FXGL Background Thread 2 ] DEBUG Engine               - isSingleStep: false
11:40:35.694 [FXGL Background Thread 2 ] DEBUG Engine               - cSSList: [fxgl_dark.css]
11:40:35.694 [FXGL Background Thread 2 ] DEBUG Engine               - fontGame: Abel-Regular.ttf
11:40:35.694 [FXGL Background Thread 2 ] DEBUG Engine               - menuKey: ESCAPE
11:40:35.694 [FXGL Background Thread 2 ] DEBUG Engine               - devShowPositionProperty: BooleanProperty [value: false]
11:40:35.694 [FXGL Background Thread 2 ] DEBUG Engine               - versionCheckDays: 7
11:40:35.695 [FXGL Background Thread 2 ] DEBUG Engine               - configClass: Optional.empty
11:40:35.695 [FXGL Background Thread 2 ] DEBUG Engine               - isFullScreenFromStart: false
11:40:35.695 [FXGL Background Thread 2 ] DEBUG Engine               - version: Θ
11:40:35.695 [FXGL Background Thread 2 ] DEBUG Engine               - fullScreen: BooleanProperty [value: false]
11:40:35.695 [FXGL Background Thread 2 ] DEBUG Engine               - randomSeed: -1
11:40:35.695 [FXGL Background Thread 2 ] DEBUG Engine               - gameDifficultyProperty: ObjectProperty [value: MEDIUM]
11:40:35.696 [FXGL Background Thread 2 ] DEBUG Engine               - applicationMode: DEVELOPER
11:40:35.696 [FXGL Background Thread 2 ] DEBUG Engine               - isMac: false
11:40:35.696 [FXGL Background Thread 2 ] DEBUG Engine               - isMenuEnabled: false
11:40:35.696 [FXGL Background Thread 2 ] DEBUG Engine               - urlPOM: https://raw.githubusercontent.com/AlmasB/FXGL/master/pom.xml
11:40:35.696 [FXGL Background Thread 2 ] DEBUG Engine               - profileName: StringProperty [value: DEFAULT]
11:40:35.696 [FXGL Background Thread 2 ] DEBUG Engine               - notificationViewClass: class com.almasb.fxgl.notification.view.XboxNotificationView
11:40:35.697 [FXGL Background Thread 2 ] DEBUG Engine               - devSensorColorProperty: ObjectProperty [value: 0xffff00ff]
11:40:35.697 [FXGL Background Thread 2 ] DEBUG Engine               - sceneFactory: com.almasb.fxgl.app.scene.SceneFactory@60f424df
11:40:35.697 [FXGL Background Thread 2 ] DEBUG Engine               - stageStyle: DECORATED
11:40:35.697 [FXGL Background Thread 2 ] DEBUG Engine               - isManualResizeEnabled: false
11:40:35.697 [FXGL Background Thread 2 ] DEBUG Engine               - title: Project B
11:40:35.698 [FXGL Background Thread 2 ] DEBUG Engine               - platform: WINDOWS
11:40:35.698 [FXGL Background Thread 2 ] DEBUG Engine               - devBBoxColorProperty: ObjectProperty [value: 0xff0000ff]
11:40:35.698 [FXGL Background Thread 2 ] DEBUG Engine               - gameDifficulty: MEDIUM
11:40:35.698 [FXGL Background Thread 2 ] DEBUG Engine               - isDesktop: true
11:40:35.698 [FXGL Background Thread 2 ] DEBUG Engine               - supportedLanguages: [ENGLISH, FRENCH, GERMAN, HUNGARIAN, RUSSIAN]
11:40:35.698 [FXGL Background Thread 2 ] DEBUG Engine               - credits: []
11:40:35.698 [FXGL Background Thread 2 ] DEBUG Engine               - globalMusicVolumeProperty: DoubleProperty [value: 0.5]
11:40:35.698 [FXGL Background Thread 2 ] DEBUG Engine               - isPreserveResizeRatio: false
11:40:35.698 [FXGL Background Thread 2 ] DEBUG Engine               - fontText: Courier-Prime.ttf
11:40:35.698 [FXGL Background Thread 2 ] DEBUG Engine               - isExperimentalTiledLargeMap: false
11:40:35.698 [FXGL Background Thread 2 ] DEBUG Engine               - secondsIn24h: 60
11:40:35.698 [FXGL Background Thread 2 ] DEBUG Engine               - runtimeInfo: RuntimeInfo(platform=WINDOWS, version=11.8, build=08.03.2020 09.25)
11:40:35.699 [FXGL Background Thread 2 ] DEBUG Engine               - isLinux: false
11:40:35.699 [FXGL Background Thread 2 ] DEBUG Engine               - soundMenuPress: menu/press.wav
11:40:35.699 [FXGL Background Thread 2 ] DEBUG Engine               - urlGithub: https://github.com/AlmasB/FXGL
11:40:35.699 [FXGL Background Thread 2 ] DEBUG Engine               - profileDir: profiles/
11:40:35.699 [FXGL Background Thread 2 ] DEBUG Engine               - isDeveloperMenuEnabled: false
11:40:35.699 [FXGL Background Thread 2 ] DEBUG Engine               - globalSoundVolumeProperty: DoubleProperty [value: 0.5]
11:40:35.699 [FXGL Background Thread 2 ] DEBUG Engine               - mainWindow: com.almasb.fxgl.app.MainWindow@64cbac19
11:40:35.699 [FXGL Background Thread 2 ] DEBUG Engine               - isBrowser: false
11:40:35.699 [FXGL Background Thread 2 ] DEBUG Engine               - urlLeaderboard: http://fxgl-top.herokuapp.com/
11:40:35.699 [FXGL Background Thread 2 ] DEBUG Engine               - globalSoundVolume: 0.5
11:40:35.699 [FXGL Background Thread 2 ] DEBUG Engine               - engineServices: [class com.almasb.fxgl.app.GameApplication$GameApplicationService, class com.almasb.fxgl.app.services.WindowService, class com.almasb.fxgl.app.services.FXGLDialogService, class com.almasb.fxgl.app.services.IOTaskExecutorService, class com.almasb.fxgl.event.EventBusService, class com.almasb.fxgl.io.FileSystemService, class com.almasb.fxgl.localization.LocalizationService, class com.almasb.fxgl.app.services.AssetLoaderService, class com.almasb.fxgl.app.services.SystemBundleService, class com.almasb.fxgl.profile.SaveLoadService, class com.almasb.fxgl.ui.FXGLUIFactoryServiceProvider, class com.almasb.fxgl.ui.FXGLDialogFactoryServiceProvider, class com.almasb.fxgl.audio.AudioPlayer, class com.almasb.fxgl.notification.impl.NotificationServiceProvider, class com.almasb.fxgl.achievement.AchievementService, class com.almasb.fxgl.cutscene.CutsceneService, class com.almasb.fxgl.minigames.MiniGameService, class com.almasb.fxgl.net.NetService, class com.almasb.fxgl.app.services.UpdaterService]
11:40:35.699 [FXGL Background Thread 2 ] DEBUG Engine               - globalMusicVolume: 0.5
11:40:35.700 [FXGL Background Thread 2 ] DEBUG Engine               - width: 600
11:40:35.700 [FXGL Background Thread 2 ] DEBUG Engine               - saveFileExt: sav
11:40:35.700 [FXGL Background Thread 2 ] DEBUG Engine               - isAndroid: false
11:40:35.700 [FXGL Background Thread 2 ] DEBUG Engine               - fontUI: VarelaRound-Regular.ttf
11:40:35.700 [FXGL Background Thread 2 ] DEBUG Engine               - enabledMenuItems: []
11:40:35.700 [FXGL Background Thread 2 ] DEBUG Engine               - isIOS: false
11:40:35.700 [FXGL Background Thread 2 ] DEBUG Engine               - Logging services
11:40:35.700 [FXGL Background Thread 2 ] DEBUG Engine               - class com.almasb.fxgl.app.GameApplication$GameApplicationService
11:40:35.700 [FXGL Background Thread 2 ] DEBUG Engine               - class com.almasb.fxgl.app.services.WindowService
11:40:35.700 [FXGL Background Thread 2 ] DEBUG Engine               - class com.almasb.fxgl.app.services.FXGLDialogService
11:40:35.700 [FXGL Background Thread 2 ] DEBUG Engine               - class com.almasb.fxgl.app.services.IOTaskExecutorService
11:40:35.700 [FXGL Background Thread 2 ] DEBUG Engine               - class com.almasb.fxgl.event.EventBusService
11:40:35.700 [FXGL Background Thread 2 ] DEBUG Engine               - class com.almasb.fxgl.io.FileSystemService
11:40:35.701 [FXGL Background Thread 2 ] DEBUG Engine               - class com.almasb.fxgl.localization.LocalizationService
11:40:35.701 [FXGL Background Thread 2 ] DEBUG Engine               - class com.almasb.fxgl.app.services.AssetLoaderService
11:40:35.701 [FXGL Background Thread 2 ] DEBUG Engine               - class com.almasb.fxgl.app.services.SystemBundleService
11:40:35.701 [FXGL Background Thread 2 ] DEBUG Engine               - class com.almasb.fxgl.profile.SaveLoadService
11:40:35.701 [FXGL Background Thread 2 ] DEBUG Engine               - class com.almasb.fxgl.ui.FXGLUIFactoryServiceProvider
11:40:35.701 [FXGL Background Thread 2 ] DEBUG Engine               - class com.almasb.fxgl.ui.FXGLDialogFactoryServiceProvider
11:40:35.701 [FXGL Background Thread 2 ] DEBUG Engine               - class com.almasb.fxgl.audio.AudioPlayer
11:40:35.701 [FXGL Background Thread 2 ] DEBUG Engine               - class com.almasb.fxgl.notification.impl.NotificationServiceProvider
11:40:35.701 [FXGL Background Thread 2 ] DEBUG Engine               - class com.almasb.fxgl.achievement.AchievementService
11:40:35.701 [FXGL Background Thread 2 ] DEBUG Engine               - class com.almasb.fxgl.cutscene.CutsceneService
11:40:35.701 [FXGL Background Thread 2 ] DEBUG Engine               - class com.almasb.fxgl.minigames.MiniGameService
11:40:35.701 [FXGL Background Thread 2 ] DEBUG Engine               - class com.almasb.fxgl.net.NetService
11:40:35.701 [FXGL Background Thread 2 ] DEBUG Engine               - class com.almasb.fxgl.app.services.UpdaterService
11:40:44.629 [JavaFX Application Thread] DEBUG GameApplication      - Exiting FXGL
11:40:44.629 [JavaFX Application Thread] DEBUG LoopRunner           - Stopping loop
11:40:44.630 [JavaFX Application Thread] DEBUG SystemBundleService  - Saving FXGL system data
11:40:44.631 [JavaFX Application Thread] DEBUG FileSystemAccess     - Writing to: C:\Users\Evan\IdeaProjects\Project-B\system\fxgl.bundle
11:40:44.633 [JavaFX Application Thread] DEBUG GameApplication      - Shutting down background threads
11:40:44.634 [JavaFX Application Thread] DEBUG GameApplication      - Closing logger and exiting JavaFX
