12:00:36.022 [main                     ] DEBUG GameApplication      - Logger initialized
12:00:36.035 [main                     ] DEBUG GameApplication      - Logging settings
Title: Project B
Version: Θ
Width: 600
Height: 600
Fullscreen: false
Intro: false
Menus: false
Profiling: false
Single step:false
App Mode: DEVELOPER
Menu Key: ESCAPE
Stage Style: DECORATED
Scene Factory: class com.almasb.fxgl.app.scene.SceneFactory

12:00:36.409 [JavaFX Application Thread] DEBUG GameApplication      - Initializing FXGL
12:00:36.417 [JavaFX Application Thread] INFO  Engine               - FXGL-11.8 (08.03.2020 09.25) on WINDOWS (J:14.0.1 FX:13.0.2)
12:00:36.417 [JavaFX Application Thread] INFO  Engine               - Source code and latest versions at: https://github.com/AlmasB/FXGL
12:00:36.418 [JavaFX Application Thread] INFO  Engine               -              Join the FXGL chat at: https://gitter.im/AlmasB/FXGL
12:00:36.531 [JavaFX Application Thread] DEBUG MainWindow           - Creating a JavaFX scene
12:00:36.580 [JavaFX Application Thread] DEBUG MainWindow           - Target settings size: 600.0 x 600.0
12:00:36.580 [JavaFX Application Thread] DEBUG MainWindow           - Scaled scene size:    600.0 x 600.0
12:00:36.580 [JavaFX Application Thread] DEBUG MainWindow           - Scaled ratio: (1.0, 1.0)
12:00:36.581 [JavaFX Application Thread] DEBUG MainWindow           - Set initial scene to FXGLStartupScene
12:00:36.588 [JavaFX Application Thread] DEBUG MainWindow           - Opening main window
12:00:36.660 [JavaFX Application Thread] DEBUG MainWindow           - Window border size: (16.0, 39.0)
12:00:36.660 [JavaFX Application Thread] DEBUG MainWindow           - Scaled size: 600.0 x 600.0
12:00:36.660 [JavaFX Application Thread] DEBUG MainWindow           - Scaled ratio: (1.0, 1.0)
12:00:36.661 [JavaFX Application Thread] DEBUG MainWindow           - Scene size: 600.0 x 600.0
12:00:36.661 [JavaFX Application Thread] DEBUG MainWindow           - Stage size: 616.0 x 639.0
12:00:36.667 [FXGL Background Thread 1 ] DEBUG Engine               - Initializing environment variables
12:00:36.689 [FXGL Background Thread 1 ] DEBUG WindowService        - Applying CSS: fxgl_dark.css
12:00:36.690 [FXGL Background Thread 1 ] DEBUG AssetLoaderService   - Loading from file system: /assets/ui/css/fxgl_dark.css
12:00:36.728 [FXGL Background Thread 1 ] DEBUG WindowService        - Initializing application scenes
12:00:36.754 [FXGL Background Thread 1 ] DEBUG GameWorld            - Game world initialized
12:00:36.788 [FXGL Background Thread 1 ] DEBUG PhysicsWorld         - Physics world initialized: appHeight=600, physics.ppm=50.0
12:00:36.790 [FXGL Background Thread 1 ] DEBUG GameScene            - Game scene initialized: 600x600
12:00:36.797 [FXGL Background Thread 1 ] DEBUG Input                - Registered new binding: Resume - Esc
12:00:36.802 [FXGL Background Thread 1 ] DEBUG AssetLoaderService   - Loading from file system: /assets/textures/pause_menu_bg.png
12:00:36.852 [FXGL Background Thread 1 ] DEBUG Input                - Registered new binding: Pause - Esc
12:00:36.852 [FXGL Background Thread 1 ] DEBUG WindowService        - Application scenes initialized
12:00:36.861 [FXGL Background Thread 1 ] DEBUG SystemBundleService  - Loading FXGL system data
12:00:36.865 [FXGL Background Thread 1 ] DEBUG FileSystemAccess     - Reading from: C:\Users\Evan\IdeaProjects\Project-B\system\fxgl.bundle
12:00:36.870 [FXGL Background Thread 1 ] DEBUG SystemBundleService  - Bundle FXGL: {}
12:00:36.871 [FXGL Background Thread 1 ] INFO  Engine               - FXGL initialization took: 0.202 sec
12:00:36.872 [FXGL Background Thread 1 ] DEBUG GameApplication      - Loading localizations
12:00:36.873 [FXGL Background Thread 1 ] DEBUG AssetLoaderService   - Loading from file system: /assets/properties/languages/english.properties
12:00:36.875 [FXGL Background Thread 1 ] DEBUG AssetLoaderService   - Loading from file system: /assets/properties/languages/french.properties
12:00:36.876 [FXGL Background Thread 1 ] DEBUG AssetLoaderService   - Loading from file system: /assets/properties/languages/german.properties
12:00:36.878 [FXGL Background Thread 1 ] DEBUG AssetLoaderService   - Loading from file system: /assets/properties/languages/hungarian.properties
12:00:36.880 [FXGL Background Thread 1 ] DEBUG AssetLoaderService   - Loading from file system: /assets/properties/languages/russian.properties
12:00:36.881 [FXGL Background Thread 1 ] DEBUG GameApplication      - Registering font factories with UI factory
12:00:36.881 [FXGL Background Thread 1 ] DEBUG AssetLoaderService   - Loading from file system: /assets/ui/fonts/VarelaRound-Regular.ttf
12:00:36.919 [FXGL Background Thread 1 ] DEBUG AssetLoaderService   - Loading from file system: /assets/ui/fonts/Abel-Regular.ttf
12:00:36.922 [FXGL Background Thread 1 ] DEBUG AssetLoaderService   - Loading from file system: /assets/ui/fonts/lucida_console.ttf
12:00:36.927 [FXGL Background Thread 1 ] DEBUG AssetLoaderService   - Loading from file system: /assets/ui/fonts/Courier-Prime.ttf
12:00:36.932 [JavaFX Application Thread] DEBUG Input                - Registered new binding: Move Right - D
12:00:36.932 [JavaFX Application Thread] DEBUG Input                - Registered new binding: Move Left - A
12:00:36.932 [JavaFX Application Thread] DEBUG Input                - Registered new binding: Move Up - W
12:00:36.932 [JavaFX Application Thread] DEBUG Input                - Registered new binding: Move Down - S
12:00:36.932 [JavaFX Application Thread] DEBUG AssetLoaderService   - Loading from file system: /assets/textures/fxgl_icon.png
12:00:36.951 [JavaFX Application Thread] DEBUG AssetLoaderService   - Loading from file system: /assets/ui/cursors/fxgl_default.png
12:00:36.954 [JavaFX Application Thread] DEBUG Input                - Registered new binding: Screenshot - P
12:00:36.954 [JavaFX Application Thread] DEBUG Input                - Registered new binding: System info dump - CTRL+9
12:00:36.955 [JavaFX Application Thread] DEBUG Input                - Registered new binding: Restart - CTRL+R
12:00:36.955 [JavaFX Application Thread] DEBUG LoopRunner           - Starting loop
12:00:36.976 [JavaFX Application Thread] DEBUG FXGLStartupScene     - STARTUP
12:00:36.976 [JavaFX Application Thread] DEBUG WindowService        - Starting new game
12:00:36.979 [JavaFX Application Thread] DEBUG Input                - Clearing active input actions
12:00:36.992 [JavaFX Application Thread] DEBUG WindowService        - Removing overlay from FXGLStartupScene and adding to FXGLLoadingScene
12:00:36.992 [JavaFX Application Thread] DEBUG MainWindow           - FXGLStartupScene -> FXGLLoadingScene
12:00:36.992 [JavaFX Application Thread] DEBUG WindowService        - Clearing previous game
12:00:36.992 [JavaFX Application Thread] DEBUG GameScene            - Clearing game scene
12:00:36.992 [JavaFX Application Thread] DEBUG GameWorld            - Clearing game world
12:00:36.993 [JavaFX Application Thread] DEBUG PhysicsWorld         - Clearing physics world
12:00:36.994 [FXGL Background Thread 1 ] DEBUG GameApplication      - Initializing game
12:00:37.002 [FXGL Background Thread 1 ] INFO  GameApplication      - Game initialization took: 0.007 sec
12:00:37.033 [JavaFX Application Thread] DEBUG Input                - Clearing active input actions
12:00:37.040 [JavaFX Application Thread] DEBUG WindowService        - Removing overlay from FXGLLoadingScene and adding to GameScene
12:00:37.040 [JavaFX Application Thread] DEBUG MainWindow           - FXGLLoadingScene -> GameScene
12:00:39.874 [FXGL Background Thread 2 ] DEBUG Engine               - Logging environment variables
12:00:39.874 [FXGL Background Thread 2 ] DEBUG Engine               - achievements: []
12:00:39.874 [FXGL Background Thread 2 ] DEBUG Engine               - language: ObjectProperty [value: ENGLISH]
12:00:39.874 [FXGL Background Thread 2 ] DEBUG Engine               - isCloseConfirmation: false
12:00:39.874 [FXGL Background Thread 2 ] DEBUG Engine               - isProfilingEnabled: false
12:00:39.874 [FXGL Background Thread 2 ] DEBUG Engine               - soundNotification: core/notification.wav
12:00:39.874 [FXGL Background Thread 2 ] DEBUG Engine               - devShowBBoxProperty: BooleanProperty [value: false]
12:00:39.874 [FXGL Background Thread 2 ] DEBUG Engine               - pixelsPerMeter: 50.0
12:00:39.874 [FXGL Background Thread 2 ] DEBUG Engine               - appIcon: fxgl_icon.png
12:00:39.875 [FXGL Background Thread 2 ] DEBUG Engine               - soundMenuBack: menu/back.wav
12:00:39.875 [FXGL Background Thread 2 ] DEBUG Engine               - isFullScreenAllowed: false
12:00:39.875 [FXGL Background Thread 2 ] DEBUG Engine               - isIntroEnabled: false
12:00:39.875 [FXGL Background Thread 2 ] DEBUG Engine               - fontMono: lucida_console.ttf
12:00:39.875 [FXGL Background Thread 2 ] DEBUG Engine               - soundMenuSelect: menu/select.wav
12:00:39.875 [FXGL Background Thread 2 ] DEBUG Engine               - isWindows: true
12:00:39.875 [FXGL Background Thread 2 ] DEBUG Engine               - isMobile: false
12:00:39.875 [FXGL Background Thread 2 ] DEBUG Engine               - isUserProfileEnabled: false
12:00:39.875 [FXGL Background Thread 2 ] DEBUG Engine               - height: 600
12:00:39.875 [FXGL Background Thread 2 ] DEBUG Engine               - isExperimentalNative: false
12:00:39.875 [FXGL Background Thread 2 ] DEBUG Engine               - settings: Title: Project B
Version: Θ
Width: 600
Height: 600
Fullscreen: false
Intro: false
Menus: false
Profiling: false
Single step:false
App Mode: DEVELOPER
Menu Key: ESCAPE
Stage Style: DECORATED
Scene Factory: class com.almasb.fxgl.app.scene.SceneFactory

12:00:39.876 [FXGL Background Thread 2 ] DEBUG Engine               - isSingleStep: false
12:00:39.876 [FXGL Background Thread 2 ] DEBUG Engine               - cSSList: [fxgl_dark.css]
12:00:39.876 [FXGL Background Thread 2 ] DEBUG Engine               - fontGame: Abel-Regular.ttf
12:00:39.876 [FXGL Background Thread 2 ] DEBUG Engine               - menuKey: ESCAPE
12:00:39.876 [FXGL Background Thread 2 ] DEBUG Engine               - devShowPositionProperty: BooleanProperty [value: false]
12:00:39.876 [FXGL Background Thread 2 ] DEBUG Engine               - versionCheckDays: 7
12:00:39.876 [FXGL Background Thread 2 ] DEBUG Engine               - configClass: Optional.empty
12:00:39.876 [FXGL Background Thread 2 ] DEBUG Engine               - isFullScreenFromStart: false
12:00:39.876 [FXGL Background Thread 2 ] DEBUG Engine               - version: Θ
12:00:39.876 [FXGL Background Thread 2 ] DEBUG Engine               - fullScreen: BooleanProperty [value: false]
12:00:39.876 [FXGL Background Thread 2 ] DEBUG Engine               - randomSeed: -1
12:00:39.876 [FXGL Background Thread 2 ] DEBUG Engine               - gameDifficultyProperty: ObjectProperty [value: MEDIUM]
12:00:39.877 [FXGL Background Thread 2 ] DEBUG Engine               - applicationMode: DEVELOPER
12:00:39.877 [FXGL Background Thread 2 ] DEBUG Engine               - isMac: false
12:00:39.877 [FXGL Background Thread 2 ] DEBUG Engine               - isMenuEnabled: false
12:00:39.877 [FXGL Background Thread 2 ] DEBUG Engine               - urlPOM: https://raw.githubusercontent.com/AlmasB/FXGL/master/pom.xml
12:00:39.877 [FXGL Background Thread 2 ] DEBUG Engine               - profileName: StringProperty [value: DEFAULT]
12:00:39.877 [FXGL Background Thread 2 ] DEBUG Engine               - notificationViewClass: class com.almasb.fxgl.notification.view.XboxNotificationView
12:00:39.877 [FXGL Background Thread 2 ] DEBUG Engine               - devSensorColorProperty: ObjectProperty [value: 0xffff00ff]
12:00:39.877 [FXGL Background Thread 2 ] DEBUG Engine               - sceneFactory: com.almasb.fxgl.app.scene.SceneFactory@3999f03a
12:00:39.877 [FXGL Background Thread 2 ] DEBUG Engine               - stageStyle: DECORATED
12:00:39.877 [FXGL Background Thread 2 ] DEBUG Engine               - isManualResizeEnabled: false
12:00:39.878 [FXGL Background Thread 2 ] DEBUG Engine               - title: Project B
12:00:39.878 [FXGL Background Thread 2 ] DEBUG Engine               - platform: WINDOWS
12:00:39.878 [FXGL Background Thread 2 ] DEBUG Engine               - devBBoxColorProperty: ObjectProperty [value: 0xff0000ff]
12:00:39.878 [FXGL Background Thread 2 ] DEBUG Engine               - gameDifficulty: MEDIUM
12:00:39.878 [FXGL Background Thread 2 ] DEBUG Engine               - isDesktop: true
12:00:39.878 [FXGL Background Thread 2 ] DEBUG Engine               - supportedLanguages: [ENGLISH, FRENCH, GERMAN, HUNGARIAN, RUSSIAN]
12:00:39.878 [FXGL Background Thread 2 ] DEBUG Engine               - credits: []
12:00:39.878 [FXGL Background Thread 2 ] DEBUG Engine               - globalMusicVolumeProperty: DoubleProperty [value: 0.5]
12:00:39.878 [FXGL Background Thread 2 ] DEBUG Engine               - isPreserveResizeRatio: false
12:00:39.878 [FXGL Background Thread 2 ] DEBUG Engine               - fontText: Courier-Prime.ttf
12:00:39.878 [FXGL Background Thread 2 ] DEBUG Engine               - isExperimentalTiledLargeMap: false
12:00:39.878 [FXGL Background Thread 2 ] DEBUG Engine               - secondsIn24h: 60
12:00:39.879 [FXGL Background Thread 2 ] DEBUG Engine               - runtimeInfo: RuntimeInfo(platform=WINDOWS, version=11.8, build=08.03.2020 09.25)
12:00:39.879 [FXGL Background Thread 2 ] DEBUG Engine               - isLinux: false
12:00:39.879 [FXGL Background Thread 2 ] DEBUG Engine               - soundMenuPress: menu/press.wav
12:00:39.879 [FXGL Background Thread 2 ] DEBUG Engine               - urlGithub: https://github.com/AlmasB/FXGL
12:00:39.879 [FXGL Background Thread 2 ] DEBUG Engine               - profileDir: profiles/
12:00:39.879 [FXGL Background Thread 2 ] DEBUG Engine               - isDeveloperMenuEnabled: false
12:00:39.879 [FXGL Background Thread 2 ] DEBUG Engine               - globalSoundVolumeProperty: DoubleProperty [value: 0.5]
12:00:39.879 [FXGL Background Thread 2 ] DEBUG Engine               - mainWindow: com.almasb.fxgl.app.MainWindow@3da673d1
12:00:39.879 [FXGL Background Thread 2 ] DEBUG Engine               - isBrowser: false
12:00:39.879 [FXGL Background Thread 2 ] DEBUG Engine               - urlLeaderboard: http://fxgl-top.herokuapp.com/
12:00:39.879 [FXGL Background Thread 2 ] DEBUG Engine               - globalSoundVolume: 0.5
12:00:39.879 [FXGL Background Thread 2 ] DEBUG Engine               - engineServices: [class com.almasb.fxgl.app.GameApplication$GameApplicationService, class com.almasb.fxgl.app.services.WindowService, class com.almasb.fxgl.app.services.FXGLDialogService, class com.almasb.fxgl.app.services.IOTaskExecutorService, class com.almasb.fxgl.event.EventBusService, class com.almasb.fxgl.io.FileSystemService, class com.almasb.fxgl.localization.LocalizationService, class com.almasb.fxgl.app.services.AssetLoaderService, class com.almasb.fxgl.app.services.SystemBundleService, class com.almasb.fxgl.profile.SaveLoadService, class com.almasb.fxgl.ui.FXGLUIFactoryServiceProvider, class com.almasb.fxgl.ui.FXGLDialogFactoryServiceProvider, class com.almasb.fxgl.audio.AudioPlayer, class com.almasb.fxgl.notification.impl.NotificationServiceProvider, class com.almasb.fxgl.achievement.AchievementService, class com.almasb.fxgl.cutscene.CutsceneService, class com.almasb.fxgl.minigames.MiniGameService, class com.almasb.fxgl.net.NetService, class com.almasb.fxgl.app.services.UpdaterService]
12:00:39.879 [FXGL Background Thread 2 ] DEBUG Engine               - globalMusicVolume: 0.5
12:00:39.880 [FXGL Background Thread 2 ] DEBUG Engine               - width: 600
12:00:39.880 [FXGL Background Thread 2 ] DEBUG Engine               - saveFileExt: sav
12:00:39.880 [FXGL Background Thread 2 ] DEBUG Engine               - isAndroid: false
12:00:39.880 [FXGL Background Thread 2 ] DEBUG Engine               - fontUI: VarelaRound-Regular.ttf
12:00:39.880 [FXGL Background Thread 2 ] DEBUG Engine               - enabledMenuItems: []
12:00:39.880 [FXGL Background Thread 2 ] DEBUG Engine               - isIOS: false
12:00:39.880 [FXGL Background Thread 2 ] DEBUG Engine               - Logging services
12:00:39.880 [FXGL Background Thread 2 ] DEBUG Engine               - class com.almasb.fxgl.app.GameApplication$GameApplicationService
12:00:39.880 [FXGL Background Thread 2 ] DEBUG Engine               - class com.almasb.fxgl.app.services.WindowService
12:00:39.880 [FXGL Background Thread 2 ] DEBUG Engine               - class com.almasb.fxgl.app.services.FXGLDialogService
12:00:39.880 [FXGL Background Thread 2 ] DEBUG Engine               - class com.almasb.fxgl.app.services.IOTaskExecutorService
12:00:39.881 [FXGL Background Thread 2 ] DEBUG Engine               - class com.almasb.fxgl.event.EventBusService
12:00:39.881 [FXGL Background Thread 2 ] DEBUG Engine               - class com.almasb.fxgl.io.FileSystemService
12:00:39.881 [FXGL Background Thread 2 ] DEBUG Engine               - class com.almasb.fxgl.localization.LocalizationService
12:00:39.881 [FXGL Background Thread 2 ] DEBUG Engine               - class com.almasb.fxgl.app.services.AssetLoaderService
12:00:39.881 [FXGL Background Thread 2 ] DEBUG Engine               - class com.almasb.fxgl.app.services.SystemBundleService
12:00:39.881 [FXGL Background Thread 2 ] DEBUG Engine               - class com.almasb.fxgl.profile.SaveLoadService
12:00:39.881 [FXGL Background Thread 2 ] DEBUG Engine               - class com.almasb.fxgl.ui.FXGLUIFactoryServiceProvider
12:00:39.881 [FXGL Background Thread 2 ] DEBUG Engine               - class com.almasb.fxgl.ui.FXGLDialogFactoryServiceProvider
12:00:39.881 [FXGL Background Thread 2 ] DEBUG Engine               - class com.almasb.fxgl.audio.AudioPlayer
12:00:39.881 [FXGL Background Thread 2 ] DEBUG Engine               - class com.almasb.fxgl.notification.impl.NotificationServiceProvider
12:00:39.881 [FXGL Background Thread 2 ] DEBUG Engine               - class com.almasb.fxgl.achievement.AchievementService
12:00:39.881 [FXGL Background Thread 2 ] DEBUG Engine               - class com.almasb.fxgl.cutscene.CutsceneService
12:00:39.881 [FXGL Background Thread 2 ] DEBUG Engine               - class com.almasb.fxgl.minigames.MiniGameService
12:00:39.881 [FXGL Background Thread 2 ] DEBUG Engine               - class com.almasb.fxgl.net.NetService
12:00:39.881 [FXGL Background Thread 2 ] DEBUG Engine               - class com.almasb.fxgl.app.services.UpdaterService
12:00:57.445 [JavaFX Application Thread] DEBUG GameApplication      - Exiting FXGL
12:00:57.445 [JavaFX Application Thread] DEBUG LoopRunner           - Stopping loop
12:00:57.445 [JavaFX Application Thread] DEBUG SystemBundleService  - Saving FXGL system data
12:00:57.447 [JavaFX Application Thread] DEBUG FileSystemAccess     - Writing to: C:\Users\Evan\IdeaProjects\Project-B\system\fxgl.bundle
12:00:57.449 [JavaFX Application Thread] DEBUG GameApplication      - Shutting down background threads
12:00:57.449 [JavaFX Application Thread] DEBUG GameApplication      - Closing logger and exiting JavaFX
