11:48:39.263 [main                     ] DEBUG GameApplication      - Logger initialized
11:48:39.280 [main                     ] DEBUG GameApplication      - Logging settings
Title: Project B
Version: Θ
Width: 600
Height: 600
Fullscreen: false
Intro: false
Menus: false
Profiling: false
Single step:false
App Mode: DEVELOPER
Menu Key: ESCAPE
Stage Style: DECORATED
Scene Factory: class com.almasb.fxgl.app.scene.SceneFactory

11:48:39.650 [JavaFX Application Thread] DEBUG GameApplication      - Initializing FXGL
11:48:39.657 [JavaFX Application Thread] INFO  Engine               - FXGL-11.8 (08.03.2020 09.25) on WINDOWS (J:14.0.1 FX:13.0.2)
11:48:39.657 [JavaFX Application Thread] INFO  Engine               - Source code and latest versions at: https://github.com/AlmasB/FXGL
11:48:39.657 [JavaFX Application Thread] INFO  Engine               -              Join the FXGL chat at: https://gitter.im/AlmasB/FXGL
11:48:39.759 [JavaFX Application Thread] DEBUG MainWindow           - Creating a JavaFX scene
11:48:39.805 [JavaFX Application Thread] DEBUG MainWindow           - Target settings size: 600.0 x 600.0
11:48:39.805 [JavaFX Application Thread] DEBUG MainWindow           - Scaled scene size:    600.0 x 600.0
11:48:39.806 [JavaFX Application Thread] DEBUG MainWindow           - Scaled ratio: (1.0, 1.0)
11:48:39.807 [JavaFX Application Thread] DEBUG MainWindow           - Set initial scene to FXGLStartupScene
11:48:39.813 [JavaFX Application Thread] DEBUG MainWindow           - Opening main window
11:48:39.887 [JavaFX Application Thread] DEBUG MainWindow           - Window border size: (16.0, 39.0)
11:48:39.887 [JavaFX Application Thread] DEBUG MainWindow           - Scaled size: 600.0 x 600.0
11:48:39.887 [JavaFX Application Thread] DEBUG MainWindow           - Scaled ratio: (1.0, 1.0)
11:48:39.887 [JavaFX Application Thread] DEBUG MainWindow           - Scene size: 600.0 x 600.0
11:48:39.888 [JavaFX Application Thread] DEBUG MainWindow           - Stage size: 616.0 x 639.0
11:48:39.895 [FXGL Background Thread 1 ] DEBUG Engine               - Initializing environment variables
11:48:39.921 [FXGL Background Thread 1 ] DEBUG WindowService        - Applying CSS: fxgl_dark.css
11:48:39.922 [FXGL Background Thread 1 ] DEBUG AssetLoaderService   - Loading from file system: /assets/ui/css/fxgl_dark.css
11:48:39.969 [FXGL Background Thread 1 ] DEBUG WindowService        - Initializing application scenes
11:48:40.006 [FXGL Background Thread 1 ] DEBUG GameWorld            - Game world initialized
11:48:40.040 [FXGL Background Thread 1 ] DEBUG PhysicsWorld         - Physics world initialized: appHeight=600, physics.ppm=50.0
11:48:40.042 [FXGL Background Thread 1 ] DEBUG GameScene            - Game scene initialized: 600x600
11:48:40.050 [FXGL Background Thread 1 ] DEBUG Input                - Registered new binding: Resume - Esc
11:48:40.055 [FXGL Background Thread 1 ] DEBUG AssetLoaderService   - Loading from file system: /assets/textures/pause_menu_bg.png
11:48:40.103 [FXGL Background Thread 1 ] DEBUG Input                - Registered new binding: Pause - Esc
11:48:40.103 [FXGL Background Thread 1 ] DEBUG WindowService        - Application scenes initialized
11:48:40.113 [FXGL Background Thread 1 ] DEBUG SystemBundleService  - Loading FXGL system data
11:48:40.118 [FXGL Background Thread 1 ] DEBUG FileSystemAccess     - Reading from: C:\Users\Lachlan\IdeaProjects\Project B\system\fxgl.bundle
11:48:40.125 [FXGL Background Thread 1 ] DEBUG SystemBundleService  - Bundle FXGL: {}
11:48:40.125 [FXGL Background Thread 1 ] INFO  Engine               - FXGL initialization took: 0.229 sec
11:48:40.127 [FXGL Background Thread 1 ] DEBUG GameApplication      - Loading localizations
11:48:40.128 [FXGL Background Thread 1 ] DEBUG AssetLoaderService   - Loading from file system: /assets/properties/languages/english.properties
11:48:40.129 [FXGL Background Thread 1 ] DEBUG AssetLoaderService   - Loading from file system: /assets/properties/languages/french.properties
11:48:40.131 [FXGL Background Thread 1 ] DEBUG AssetLoaderService   - Loading from file system: /assets/properties/languages/german.properties
11:48:40.132 [FXGL Background Thread 1 ] DEBUG AssetLoaderService   - Loading from file system: /assets/properties/languages/hungarian.properties
11:48:40.133 [FXGL Background Thread 1 ] DEBUG AssetLoaderService   - Loading from file system: /assets/properties/languages/russian.properties
11:48:40.134 [FXGL Background Thread 1 ] DEBUG GameApplication      - Registering font factories with UI factory
11:48:40.134 [FXGL Background Thread 1 ] DEBUG AssetLoaderService   - Loading from file system: /assets/ui/fonts/VarelaRound-Regular.ttf
11:48:40.169 [FXGL Background Thread 1 ] DEBUG AssetLoaderService   - Loading from file system: /assets/ui/fonts/Abel-Regular.ttf
11:48:40.178 [FXGL Background Thread 1 ] DEBUG AssetLoaderService   - Loading from file system: /assets/ui/fonts/lucida_console.ttf
11:48:40.188 [FXGL Background Thread 1 ] DEBUG AssetLoaderService   - Loading from file system: /assets/ui/fonts/Courier-Prime.ttf
11:48:40.201 [JavaFX Application Thread] DEBUG Input                - Registered new binding: Move Right - D
11:48:40.201 [JavaFX Application Thread] DEBUG LoopRunner           - Stopping loop
11:48:43.127 [FXGL Background Thread 2 ] DEBUG Engine               - Logging environment variables
11:48:43.127 [FXGL Background Thread 2 ] DEBUG Engine               - achievements: []
11:48:43.127 [FXGL Background Thread 2 ] DEBUG Engine               - language: ObjectProperty [value: ENGLISH]
11:48:43.127 [FXGL Background Thread 2 ] DEBUG Engine               - isCloseConfirmation: false
11:48:43.127 [FXGL Background Thread 2 ] DEBUG Engine               - isProfilingEnabled: false
11:48:43.127 [FXGL Background Thread 2 ] DEBUG Engine               - soundNotification: core/notification.wav
11:48:43.128 [FXGL Background Thread 2 ] DEBUG Engine               - devShowBBoxProperty: BooleanProperty [value: false]
11:48:43.128 [FXGL Background Thread 2 ] DEBUG Engine               - pixelsPerMeter: 50.0
11:48:43.128 [FXGL Background Thread 2 ] DEBUG Engine               - appIcon: fxgl_icon.png
11:48:43.128 [FXGL Background Thread 2 ] DEBUG Engine               - soundMenuBack: menu/back.wav
11:48:43.128 [FXGL Background Thread 2 ] DEBUG Engine               - isFullScreenAllowed: false
11:48:43.128 [FXGL Background Thread 2 ] DEBUG Engine               - isIntroEnabled: false
11:48:43.128 [FXGL Background Thread 2 ] DEBUG Engine               - fontMono: lucida_console.ttf
11:48:43.128 [FXGL Background Thread 2 ] DEBUG Engine               - soundMenuSelect: menu/select.wav
11:48:43.128 [FXGL Background Thread 2 ] DEBUG Engine               - isWindows: true
11:48:43.128 [FXGL Background Thread 2 ] DEBUG Engine               - isMobile: false
11:48:43.128 [FXGL Background Thread 2 ] DEBUG Engine               - isUserProfileEnabled: false
11:48:43.129 [FXGL Background Thread 2 ] DEBUG Engine               - height: 600
11:48:43.129 [FXGL Background Thread 2 ] DEBUG Engine               - isExperimentalNative: false
11:48:43.129 [FXGL Background Thread 2 ] DEBUG Engine               - settings: Title: Project B
Version: Θ
Width: 600
Height: 600
Fullscreen: false
Intro: false
Menus: false
Profiling: false
Single step:false
App Mode: DEVELOPER
Menu Key: ESCAPE
Stage Style: DECORATED
Scene Factory: class com.almasb.fxgl.app.scene.SceneFactory

11:48:43.129 [FXGL Background Thread 2 ] DEBUG Engine               - cSSList: [fxgl_dark.css]
11:48:43.129 [FXGL Background Thread 2 ] DEBUG Engine               - isSingleStep: false
11:48:43.129 [FXGL Background Thread 2 ] DEBUG Engine               - fontGame: Abel-Regular.ttf
11:48:43.129 [FXGL Background Thread 2 ] DEBUG Engine               - menuKey: ESCAPE
11:48:43.129 [FXGL Background Thread 2 ] DEBUG Engine               - devShowPositionProperty: BooleanProperty [value: false]
11:48:43.129 [FXGL Background Thread 2 ] DEBUG Engine               - versionCheckDays: 7
11:48:43.129 [FXGL Background Thread 2 ] DEBUG Engine               - configClass: Optional.empty
11:48:43.129 [FXGL Background Thread 2 ] DEBUG Engine               - isFullScreenFromStart: false
11:48:43.130 [FXGL Background Thread 2 ] DEBUG Engine               - version: Θ
11:48:43.130 [FXGL Background Thread 2 ] DEBUG Engine               - fullScreen: BooleanProperty [value: false]
11:48:43.130 [FXGL Background Thread 2 ] DEBUG Engine               - randomSeed: -1
11:48:43.130 [FXGL Background Thread 2 ] DEBUG Engine               - gameDifficultyProperty: ObjectProperty [value: MEDIUM]
11:48:43.130 [FXGL Background Thread 2 ] DEBUG Engine               - applicationMode: DEVELOPER
11:48:43.130 [FXGL Background Thread 2 ] DEBUG Engine               - isMac: false
11:48:43.130 [FXGL Background Thread 2 ] DEBUG Engine               - isMenuEnabled: false
11:48:43.130 [FXGL Background Thread 2 ] DEBUG Engine               - urlPOM: https://raw.githubusercontent.com/AlmasB/FXGL/master/pom.xml
11:48:43.130 [FXGL Background Thread 2 ] DEBUG Engine               - profileName: StringProperty [value: DEFAULT]
11:48:43.130 [FXGL Background Thread 2 ] DEBUG Engine               - notificationViewClass: class com.almasb.fxgl.notification.view.XboxNotificationView
11:48:43.131 [FXGL Background Thread 2 ] DEBUG Engine               - devSensorColorProperty: ObjectProperty [value: 0xffff00ff]
11:48:43.131 [FXGL Background Thread 2 ] DEBUG Engine               - sceneFactory: com.almasb.fxgl.app.scene.SceneFactory@3d97e91
11:48:43.131 [FXGL Background Thread 2 ] DEBUG Engine               - stageStyle: DECORATED
11:48:43.131 [FXGL Background Thread 2 ] DEBUG Engine               - isManualResizeEnabled: false
11:48:43.131 [FXGL Background Thread 2 ] DEBUG Engine               - title: Project B
11:48:43.131 [FXGL Background Thread 2 ] DEBUG Engine               - platform: WINDOWS
11:48:43.131 [FXGL Background Thread 2 ] DEBUG Engine               - devBBoxColorProperty: ObjectProperty [value: 0xff0000ff]
11:48:43.131 [FXGL Background Thread 2 ] DEBUG Engine               - gameDifficulty: MEDIUM
11:48:43.131 [FXGL Background Thread 2 ] DEBUG Engine               - isDesktop: true
11:48:43.131 [FXGL Background Thread 2 ] DEBUG Engine               - supportedLanguages: [ENGLISH, FRENCH, GERMAN, HUNGARIAN, RUSSIAN]
11:48:43.131 [FXGL Background Thread 2 ] DEBUG Engine               - credits: []
11:48:43.132 [FXGL Background Thread 2 ] DEBUG Engine               - globalMusicVolumeProperty: DoubleProperty [value: 0.5]
11:48:43.132 [FXGL Background Thread 2 ] DEBUG Engine               - isPreserveResizeRatio: false
11:48:43.132 [FXGL Background Thread 2 ] DEBUG Engine               - fontText: Courier-Prime.ttf
11:48:43.132 [FXGL Background Thread 2 ] DEBUG Engine               - isExperimentalTiledLargeMap: false
11:48:43.132 [FXGL Background Thread 2 ] DEBUG Engine               - secondsIn24h: 60
11:48:43.132 [FXGL Background Thread 2 ] DEBUG Engine               - runtimeInfo: RuntimeInfo(platform=WINDOWS, version=11.8, build=08.03.2020 09.25)
11:48:43.132 [FXGL Background Thread 2 ] DEBUG Engine               - isLinux: false
11:48:43.132 [FXGL Background Thread 2 ] DEBUG Engine               - soundMenuPress: menu/press.wav
11:48:43.132 [FXGL Background Thread 2 ] DEBUG Engine               - urlGithub: https://github.com/AlmasB/FXGL
11:48:43.132 [FXGL Background Thread 2 ] DEBUG Engine               - profileDir: profiles/
11:48:43.132 [FXGL Background Thread 2 ] DEBUG Engine               - isDeveloperMenuEnabled: false
11:48:43.133 [FXGL Background Thread 2 ] DEBUG Engine               - globalSoundVolumeProperty: DoubleProperty [value: 0.5]
11:48:43.133 [FXGL Background Thread 2 ] DEBUG Engine               - mainWindow: com.almasb.fxgl.app.MainWindow@7e6fa32
11:48:43.133 [FXGL Background Thread 2 ] DEBUG Engine               - isBrowser: false
11:48:43.133 [FXGL Background Thread 2 ] DEBUG Engine               - globalSoundVolume: 0.5
11:48:43.133 [FXGL Background Thread 2 ] DEBUG Engine               - urlLeaderboard: http://fxgl-top.herokuapp.com/
11:48:43.133 [FXGL Background Thread 2 ] DEBUG Engine               - engineServices: [class com.almasb.fxgl.app.GameApplication$GameApplicationService, class com.almasb.fxgl.app.services.WindowService, class com.almasb.fxgl.app.services.FXGLDialogService, class com.almasb.fxgl.app.services.IOTaskExecutorService, class com.almasb.fxgl.event.EventBusService, class com.almasb.fxgl.io.FileSystemService, class com.almasb.fxgl.localization.LocalizationService, class com.almasb.fxgl.app.services.AssetLoaderService, class com.almasb.fxgl.app.services.SystemBundleService, class com.almasb.fxgl.profile.SaveLoadService, class com.almasb.fxgl.ui.FXGLUIFactoryServiceProvider, class com.almasb.fxgl.ui.FXGLDialogFactoryServiceProvider, class com.almasb.fxgl.audio.AudioPlayer, class com.almasb.fxgl.notification.impl.NotificationServiceProvider, class com.almasb.fxgl.achievement.AchievementService, class com.almasb.fxgl.cutscene.CutsceneService, class com.almasb.fxgl.minigames.MiniGameService, class com.almasb.fxgl.net.NetService, class com.almasb.fxgl.app.services.UpdaterService]
11:48:43.133 [FXGL Background Thread 2 ] DEBUG Engine               - globalMusicVolume: 0.5
11:48:43.133 [FXGL Background Thread 2 ] DEBUG Engine               - width: 600
11:48:43.133 [FXGL Background Thread 2 ] DEBUG Engine               - saveFileExt: sav
11:48:43.133 [FXGL Background Thread 2 ] DEBUG Engine               - isAndroid: false
11:48:43.133 [FXGL Background Thread 2 ] DEBUG Engine               - fontUI: VarelaRound-Regular.ttf
11:48:43.134 [FXGL Background Thread 2 ] DEBUG Engine               - enabledMenuItems: []
11:48:43.134 [FXGL Background Thread 2 ] DEBUG Engine               - isIOS: false
11:48:43.134 [FXGL Background Thread 2 ] DEBUG Engine               - Logging services
11:48:43.134 [FXGL Background Thread 2 ] DEBUG Engine               - class com.almasb.fxgl.app.GameApplication$GameApplicationService
11:48:43.134 [FXGL Background Thread 2 ] DEBUG Engine               - class com.almasb.fxgl.app.services.WindowService
11:48:43.134 [FXGL Background Thread 2 ] DEBUG Engine               - class com.almasb.fxgl.app.services.FXGLDialogService
11:48:43.134 [FXGL Background Thread 2 ] DEBUG Engine               - class com.almasb.fxgl.app.services.IOTaskExecutorService
11:48:43.134 [FXGL Background Thread 2 ] DEBUG Engine               - class com.almasb.fxgl.event.EventBusService
11:48:43.134 [FXGL Background Thread 2 ] DEBUG Engine               - class com.almasb.fxgl.io.FileSystemService
11:48:43.134 [FXGL Background Thread 2 ] DEBUG Engine               - class com.almasb.fxgl.localization.LocalizationService
11:48:43.135 [FXGL Background Thread 2 ] DEBUG Engine               - class com.almasb.fxgl.app.services.AssetLoaderService
11:48:43.135 [FXGL Background Thread 2 ] DEBUG Engine               - class com.almasb.fxgl.app.services.SystemBundleService
11:48:43.135 [FXGL Background Thread 2 ] DEBUG Engine               - class com.almasb.fxgl.profile.SaveLoadService
11:48:43.135 [FXGL Background Thread 2 ] DEBUG Engine               - class com.almasb.fxgl.ui.FXGLUIFactoryServiceProvider
11:48:43.135 [FXGL Background Thread 2 ] DEBUG Engine               - class com.almasb.fxgl.ui.FXGLDialogFactoryServiceProvider
11:48:43.135 [FXGL Background Thread 2 ] DEBUG Engine               - class com.almasb.fxgl.audio.AudioPlayer
11:48:43.135 [FXGL Background Thread 2 ] DEBUG Engine               - class com.almasb.fxgl.notification.impl.NotificationServiceProvider
11:48:43.135 [FXGL Background Thread 2 ] DEBUG Engine               - class com.almasb.fxgl.achievement.AchievementService
11:48:43.135 [FXGL Background Thread 2 ] DEBUG Engine               - class com.almasb.fxgl.cutscene.CutsceneService
11:48:43.135 [FXGL Background Thread 2 ] DEBUG Engine               - class com.almasb.fxgl.minigames.MiniGameService
11:48:43.135 [FXGL Background Thread 2 ] DEBUG Engine               - class com.almasb.fxgl.net.NetService
11:48:43.135 [FXGL Background Thread 2 ] DEBUG Engine               - class com.almasb.fxgl.app.services.UpdaterService
11:48:45.634 [JavaFX Application Thread] FATAL GameApplication      - Uncaught Exception:

Fatal exception occurred: java.lang.IllegalArgumentException : Trigger is already bound: D
E: com.almasb.fxgl.input.Input.addBinding(Input.kt:307)
E: com.almasb.fxgl.input.Input.addAction(Input.kt:302)
E: com.almasb.fxgl.input.Input.addAction$default(Input.kt:299)
E: com.almasb.fxgl.input.Input.addAction(Input.kt)
E: com.company.BasicGameApp.initInput(BasicGameApp.java:50)
E: com.almasb.fxgl.app.GameApplication$GameApplicationService.onMainLoopStarting(GameApplication.java:378)
E: com.almasb.fxgl.app.Engine.startLoop(Engine.kt:145)
E: com.almasb.fxgl.app.GameApplication$FXGLApplication.lambda$start$2(GameApplication.java:254)
E: com.almasb.fxgl.core.concurrent.IOTask.succeed(IOTask.java:123)
E: com.almasb.fxgl.core.concurrent.IOTask$1.succeeded(IOTask.java:112)
E: javafx.concurrent.Task.setState(Task.java:726)
E: javafx.concurrent.Task$TaskCallable.lambda$call$1(Task.java:1436)
E: com.sun.javafx.application.PlatformImpl.lambda$runLater$10(PlatformImpl.java:428)
E: java.base/java.security.AccessController.doPrivileged(AccessController.java:391)
E: com.sun.javafx.application.PlatformImpl.lambda$runLater$11(PlatformImpl.java:427)
E: com.sun.glass.ui.InvokeLaterDispatcher$Future.run(InvokeLaterDispatcher.java:96)
E: com.sun.glass.ui.win.WinApplication._runLoop(Native Method)
E: com.sun.glass.ui.win.WinApplication.lambda$runLoop$3(WinApplication.java:174)
E: java.base/java.lang.Thread.run(Thread.java:832)

11:48:45.634 [JavaFX Application Thread] FATAL GameApplication      - Application will now exit
11:48:45.635 [JavaFX Application Thread] DEBUG GameApplication      - Exiting FXGL
11:48:45.635 [JavaFX Application Thread] DEBUG GameApplication      - Shutting down background threads
11:48:45.635 [JavaFX Application Thread] DEBUG GameApplication      - Closing logger and exiting JavaFX
