11:55:10.764 [main                     ] DEBUG GameApplication      - Logger initialized
11:55:10.780 [main                     ] DEBUG GameApplication      - Logging settings
Title: Project B
Version: Θ
Width: 600
Height: 600
Fullscreen: false
Intro: false
Menus: false
Profiling: false
Single step:false
App Mode: DEVELOPER
Menu Key: ESCAPE
Stage Style: DECORATED
Scene Factory: class com.almasb.fxgl.app.scene.SceneFactory

11:55:11.145 [JavaFX Application Thread] DEBUG GameApplication      - Initializing FXGL
11:55:11.151 [JavaFX Application Thread] INFO  Engine               - FXGL-11.8 (08.03.2020 09.25) on WINDOWS (J:14.0.1 FX:13.0.2)
11:55:11.152 [JavaFX Application Thread] INFO  Engine               - Source code and latest versions at: https://github.com/AlmasB/FXGL
11:55:11.152 [JavaFX Application Thread] INFO  Engine               -              Join the FXGL chat at: https://gitter.im/AlmasB/FXGL
11:55:11.254 [JavaFX Application Thread] DEBUG MainWindow           - Creating a JavaFX scene
11:55:11.302 [JavaFX Application Thread] DEBUG MainWindow           - Target settings size: 600.0 x 600.0
11:55:11.302 [JavaFX Application Thread] DEBUG MainWindow           - Scaled scene size:    600.0 x 600.0
11:55:11.303 [JavaFX Application Thread] DEBUG MainWindow           - Scaled ratio: (1.0, 1.0)
11:55:11.304 [JavaFX Application Thread] DEBUG MainWindow           - Set initial scene to FXGLStartupScene
11:55:11.312 [JavaFX Application Thread] DEBUG MainWindow           - Opening main window
11:55:11.414 [JavaFX Application Thread] DEBUG MainWindow           - Window border size: (16.0, 39.0)
11:55:11.415 [JavaFX Application Thread] DEBUG MainWindow           - Scaled size: 600.0 x 600.0
11:55:11.415 [JavaFX Application Thread] DEBUG MainWindow           - Scaled ratio: (1.0, 1.0)
11:55:11.415 [JavaFX Application Thread] DEBUG MainWindow           - Scene size: 600.0 x 600.0
11:55:11.415 [JavaFX Application Thread] DEBUG MainWindow           - Stage size: 616.0 x 639.0
11:55:11.423 [FXGL Background Thread 1 ] DEBUG Engine               - Initializing environment variables
11:55:11.451 [FXGL Background Thread 1 ] DEBUG WindowService        - Applying CSS: fxgl_dark.css
11:55:11.452 [FXGL Background Thread 1 ] DEBUG AssetLoaderService   - Loading from file system: /assets/ui/css/fxgl_dark.css
11:55:11.497 [FXGL Background Thread 1 ] DEBUG WindowService        - Initializing application scenes
11:55:11.529 [FXGL Background Thread 1 ] DEBUG GameWorld            - Game world initialized
11:55:11.566 [FXGL Background Thread 1 ] DEBUG PhysicsWorld         - Physics world initialized: appHeight=600, physics.ppm=50.0
11:55:11.568 [FXGL Background Thread 1 ] DEBUG GameScene            - Game scene initialized: 600x600
11:55:11.576 [FXGL Background Thread 1 ] DEBUG Input                - Registered new binding: Resume - Esc
11:55:11.580 [FXGL Background Thread 1 ] DEBUG AssetLoaderService   - Loading from file system: /assets/textures/pause_menu_bg.png
11:55:11.628 [FXGL Background Thread 1 ] DEBUG Input                - Registered new binding: Pause - Esc
11:55:11.628 [FXGL Background Thread 1 ] DEBUG WindowService        - Application scenes initialized
11:55:11.636 [FXGL Background Thread 1 ] DEBUG SystemBundleService  - Loading FXGL system data
11:55:11.639 [FXGL Background Thread 1 ] DEBUG FileSystemAccess     - Reading from: C:\Users\Lachlan\IdeaProjects\Project B\system\fxgl.bundle
11:55:11.644 [FXGL Background Thread 1 ] DEBUG SystemBundleService  - Bundle FXGL: {}
11:55:11.644 [FXGL Background Thread 1 ] INFO  Engine               - FXGL initialization took: 0.219 sec
11:55:11.645 [FXGL Background Thread 1 ] DEBUG GameApplication      - Loading localizations
11:55:11.646 [FXGL Background Thread 1 ] DEBUG AssetLoaderService   - Loading from file system: /assets/properties/languages/english.properties
11:55:11.647 [FXGL Background Thread 1 ] DEBUG AssetLoaderService   - Loading from file system: /assets/properties/languages/french.properties
11:55:11.648 [FXGL Background Thread 1 ] DEBUG AssetLoaderService   - Loading from file system: /assets/properties/languages/german.properties
11:55:11.650 [FXGL Background Thread 1 ] DEBUG AssetLoaderService   - Loading from file system: /assets/properties/languages/hungarian.properties
11:55:11.651 [FXGL Background Thread 1 ] DEBUG AssetLoaderService   - Loading from file system: /assets/properties/languages/russian.properties
11:55:11.652 [FXGL Background Thread 1 ] DEBUG GameApplication      - Registering font factories with UI factory
11:55:11.653 [FXGL Background Thread 1 ] DEBUG AssetLoaderService   - Loading from file system: /assets/ui/fonts/VarelaRound-Regular.ttf
11:55:11.687 [FXGL Background Thread 1 ] DEBUG AssetLoaderService   - Loading from file system: /assets/ui/fonts/Abel-Regular.ttf
11:55:11.695 [FXGL Background Thread 1 ] DEBUG AssetLoaderService   - Loading from file system: /assets/ui/fonts/lucida_console.ttf
11:55:11.703 [FXGL Background Thread 1 ] DEBUG AssetLoaderService   - Loading from file system: /assets/ui/fonts/Courier-Prime.ttf
11:55:11.712 [JavaFX Application Thread] DEBUG Input                - Registered new binding: Move Right - D
11:55:11.712 [JavaFX Application Thread] DEBUG Input                - Registered new binding: Move Left - A
11:55:11.712 [JavaFX Application Thread] DEBUG Input                - Registered new binding: Move Up - W
11:55:11.712 [JavaFX Application Thread] DEBUG Input                - Registered new binding: Move Down - S
11:55:11.712 [JavaFX Application Thread] DEBUG AssetLoaderService   - Loading from file system: /assets/textures/fxgl_icon.png
11:55:11.732 [JavaFX Application Thread] DEBUG AssetLoaderService   - Loading from file system: /assets/ui/cursors/fxgl_default.png
11:55:11.734 [JavaFX Application Thread] DEBUG Input                - Registered new binding: Screenshot - P
11:55:11.734 [JavaFX Application Thread] DEBUG Input                - Registered new binding: System info dump - CTRL+9
11:55:11.734 [JavaFX Application Thread] DEBUG Input                - Registered new binding: Restart - CTRL+R
11:55:11.735 [JavaFX Application Thread] DEBUG LoopRunner           - Starting loop
11:55:11.745 [JavaFX Application Thread] DEBUG FXGLStartupScene     - STARTUP
11:55:11.745 [JavaFX Application Thread] DEBUG WindowService        - Starting new game
11:55:11.747 [JavaFX Application Thread] DEBUG Input                - Clearing active input actions
11:55:11.758 [JavaFX Application Thread] DEBUG WindowService        - Removing overlay from FXGLStartupScene and adding to FXGLLoadingScene
11:55:11.758 [JavaFX Application Thread] DEBUG MainWindow           - FXGLStartupScene -> FXGLLoadingScene
11:55:11.759 [JavaFX Application Thread] DEBUG WindowService        - Clearing previous game
11:55:11.759 [JavaFX Application Thread] DEBUG GameScene            - Clearing game scene
11:55:11.759 [JavaFX Application Thread] DEBUG GameWorld            - Clearing game world
11:55:11.759 [JavaFX Application Thread] DEBUG PhysicsWorld         - Clearing physics world
11:55:11.761 [FXGL Background Thread 1 ] DEBUG GameApplication      - Initializing game
11:55:11.766 [FXGL Background Thread 1 ] INFO  GameApplication      - Game initialization took: 0.005 sec
11:55:11.798 [JavaFX Application Thread] DEBUG Input                - Clearing active input actions
11:55:11.807 [JavaFX Application Thread] DEBUG WindowService        - Removing overlay from FXGLLoadingScene and adding to GameScene
11:55:11.807 [JavaFX Application Thread] DEBUG MainWindow           - FXGLLoadingScene -> GameScene
11:55:13.881 [JavaFX Application Thread] DEBUG GameApplication      - Exiting FXGL
11:55:13.881 [JavaFX Application Thread] DEBUG LoopRunner           - Stopping loop
11:55:13.881 [JavaFX Application Thread] DEBUG SystemBundleService  - Saving FXGL system data
11:55:13.883 [JavaFX Application Thread] DEBUG FileSystemAccess     - Writing to: C:\Users\Lachlan\IdeaProjects\Project B\system\fxgl.bundle
11:55:13.884 [JavaFX Application Thread] DEBUG GameApplication      - Shutting down background threads
11:55:13.884 [JavaFX Application Thread] DEBUG GameApplication      - Closing logger and exiting JavaFX
