11:59:46.458 [main                     ] DEBUG GameApplication      - Logger initialized
11:59:46.472 [main                     ] DEBUG GameApplication      - Logging settings
Title: Project B
Version: Θ
Width: 600
Height: 600
Fullscreen: false
Intro: false
Menus: false
Profiling: false
Single step:false
App Mode: DEVELOPER
Menu Key: ESCAPE
Stage Style: DECORATED
Scene Factory: class com.almasb.fxgl.app.scene.SceneFactory

11:59:46.846 [JavaFX Application Thread] DEBUG GameApplication      - Initializing FXGL
11:59:46.852 [JavaFX Application Thread] INFO  Engine               - FXGL-11.8 (08.03.2020 09.25) on WINDOWS (J:14.0.1 FX:13.0.2)
11:59:46.853 [JavaFX Application Thread] INFO  Engine               - Source code and latest versions at: https://github.com/AlmasB/FXGL
11:59:46.853 [JavaFX Application Thread] INFO  Engine               -              Join the FXGL chat at: https://gitter.im/AlmasB/FXGL
11:59:46.959 [JavaFX Application Thread] DEBUG MainWindow           - Creating a JavaFX scene
11:59:47.007 [JavaFX Application Thread] DEBUG MainWindow           - Target settings size: 600.0 x 600.0
11:59:47.008 [JavaFX Application Thread] DEBUG MainWindow           - Scaled scene size:    600.0 x 600.0
11:59:47.008 [JavaFX Application Thread] DEBUG MainWindow           - Scaled ratio: (1.0, 1.0)
11:59:47.009 [JavaFX Application Thread] DEBUG MainWindow           - Set initial scene to FXGLStartupScene
11:59:47.016 [JavaFX Application Thread] DEBUG MainWindow           - Opening main window
11:59:47.087 [JavaFX Application Thread] DEBUG MainWindow           - Window border size: (16.0, 39.0)
11:59:47.088 [JavaFX Application Thread] DEBUG MainWindow           - Scaled size: 600.0 x 600.0
11:59:47.088 [JavaFX Application Thread] DEBUG MainWindow           - Scaled ratio: (1.0, 1.0)
11:59:47.088 [JavaFX Application Thread] DEBUG MainWindow           - Scene size: 600.0 x 600.0
11:59:47.088 [JavaFX Application Thread] DEBUG MainWindow           - Stage size: 616.0 x 639.0
11:59:47.095 [FXGL Background Thread 1 ] DEBUG Engine               - Initializing environment variables
11:59:47.116 [FXGL Background Thread 1 ] DEBUG WindowService        - Applying CSS: fxgl_dark.css
11:59:47.117 [FXGL Background Thread 1 ] DEBUG AssetLoaderService   - Loading from file system: /assets/ui/css/fxgl_dark.css
11:59:47.154 [FXGL Background Thread 1 ] DEBUG WindowService        - Initializing application scenes
11:59:47.183 [FXGL Background Thread 1 ] DEBUG GameWorld            - Game world initialized
11:59:47.213 [FXGL Background Thread 1 ] DEBUG PhysicsWorld         - Physics world initialized: appHeight=600, physics.ppm=50.0
11:59:47.215 [FXGL Background Thread 1 ] DEBUG GameScene            - Game scene initialized: 600x600
11:59:47.223 [FXGL Background Thread 1 ] DEBUG Input                - Registered new binding: Resume - Esc
11:59:47.227 [FXGL Background Thread 1 ] DEBUG AssetLoaderService   - Loading from file system: /assets/textures/pause_menu_bg.png
11:59:47.279 [FXGL Background Thread 1 ] DEBUG Input                - Registered new binding: Pause - Esc
11:59:47.280 [FXGL Background Thread 1 ] DEBUG WindowService        - Application scenes initialized
11:59:47.289 [FXGL Background Thread 1 ] DEBUG SystemBundleService  - Loading FXGL system data
11:59:47.293 [FXGL Background Thread 1 ] DEBUG FileSystemAccess     - Reading from: C:\Users\Lachlan\IdeaProjects\Project B\system\fxgl.bundle
11:59:47.300 [FXGL Background Thread 1 ] DEBUG SystemBundleService  - Bundle FXGL: {}
11:59:47.300 [FXGL Background Thread 1 ] INFO  Engine               - FXGL initialization took: 0.203 sec
11:59:47.302 [FXGL Background Thread 1 ] DEBUG GameApplication      - Loading localizations
11:59:47.303 [FXGL Background Thread 1 ] DEBUG AssetLoaderService   - Loading from file system: /assets/properties/languages/english.properties
11:59:47.304 [FXGL Background Thread 1 ] DEBUG AssetLoaderService   - Loading from file system: /assets/properties/languages/french.properties
11:59:47.305 [FXGL Background Thread 1 ] DEBUG AssetLoaderService   - Loading from file system: /assets/properties/languages/german.properties
11:59:47.307 [FXGL Background Thread 1 ] DEBUG AssetLoaderService   - Loading from file system: /assets/properties/languages/hungarian.properties
11:59:47.308 [FXGL Background Thread 1 ] DEBUG AssetLoaderService   - Loading from file system: /assets/properties/languages/russian.properties
11:59:47.309 [FXGL Background Thread 1 ] DEBUG GameApplication      - Registering font factories with UI factory
11:59:47.309 [FXGL Background Thread 1 ] DEBUG AssetLoaderService   - Loading from file system: /assets/ui/fonts/VarelaRound-Regular.ttf
11:59:47.340 [FXGL Background Thread 1 ] DEBUG AssetLoaderService   - Loading from file system: /assets/ui/fonts/Abel-Regular.ttf
11:59:47.347 [FXGL Background Thread 1 ] DEBUG AssetLoaderService   - Loading from file system: /assets/ui/fonts/lucida_console.ttf
11:59:47.355 [FXGL Background Thread 1 ] DEBUG AssetLoaderService   - Loading from file system: /assets/ui/fonts/Courier-Prime.ttf
11:59:47.365 [JavaFX Application Thread] DEBUG Input                - Registered new binding: Move Right - D
11:59:47.366 [JavaFX Application Thread] DEBUG Input                - Registered new binding: Move Left - A
11:59:47.366 [JavaFX Application Thread] DEBUG Input                - Registered new binding: Move Up - W
11:59:47.366 [JavaFX Application Thread] DEBUG Input                - Registered new binding: Move Down - S
11:59:47.366 [JavaFX Application Thread] DEBUG AssetLoaderService   - Loading from file system: /assets/textures/fxgl_icon.png
11:59:47.389 [JavaFX Application Thread] DEBUG AssetLoaderService   - Loading from file system: /assets/ui/cursors/fxgl_default.png
11:59:47.391 [JavaFX Application Thread] DEBUG Input                - Registered new binding: Screenshot - P
11:59:47.391 [JavaFX Application Thread] DEBUG Input                - Registered new binding: System info dump - CTRL+9
11:59:47.392 [JavaFX Application Thread] DEBUG Input                - Registered new binding: Restart - CTRL+R
11:59:47.392 [JavaFX Application Thread] DEBUG LoopRunner           - Starting loop
11:59:47.413 [JavaFX Application Thread] DEBUG FXGLStartupScene     - STARTUP
11:59:47.413 [JavaFX Application Thread] DEBUG WindowService        - Starting new game
11:59:47.416 [JavaFX Application Thread] DEBUG Input                - Clearing active input actions
11:59:47.429 [JavaFX Application Thread] DEBUG WindowService        - Removing overlay from FXGLStartupScene and adding to FXGLLoadingScene
11:59:47.430 [JavaFX Application Thread] DEBUG MainWindow           - FXGLStartupScene -> FXGLLoadingScene
11:59:47.430 [JavaFX Application Thread] DEBUG WindowService        - Clearing previous game
11:59:47.430 [JavaFX Application Thread] DEBUG GameScene            - Clearing game scene
11:59:47.430 [JavaFX Application Thread] DEBUG GameWorld            - Clearing game world
11:59:47.431 [JavaFX Application Thread] DEBUG PhysicsWorld         - Clearing physics world
11:59:47.432 [FXGL Background Thread 1 ] DEBUG GameApplication      - Initializing game
11:59:47.439 [FXGL Background Thread 1 ] INFO  GameApplication      - Game initialization took: 0.007 sec
11:59:47.468 [JavaFX Application Thread] DEBUG Input                - Clearing active input actions
11:59:47.477 [JavaFX Application Thread] DEBUG WindowService        - Removing overlay from FXGLLoadingScene and adding to GameScene
11:59:47.478 [JavaFX Application Thread] DEBUG MainWindow           - FXGLLoadingScene -> GameScene
11:59:50.302 [FXGL Background Thread 2 ] DEBUG Engine               - Logging environment variables
11:59:50.302 [FXGL Background Thread 2 ] DEBUG Engine               - achievements: []
11:59:50.302 [FXGL Background Thread 2 ] DEBUG Engine               - language: ObjectProperty [value: ENGLISH]
11:59:50.302 [FXGL Background Thread 2 ] DEBUG Engine               - isCloseConfirmation: false
11:59:50.302 [FXGL Background Thread 2 ] DEBUG Engine               - isProfilingEnabled: false
11:59:50.302 [FXGL Background Thread 2 ] DEBUG Engine               - soundNotification: core/notification.wav
11:59:50.303 [FXGL Background Thread 2 ] DEBUG Engine               - devShowBBoxProperty: BooleanProperty [value: false]
11:59:50.303 [FXGL Background Thread 2 ] DEBUG Engine               - pixelsPerMeter: 50.0
11:59:50.303 [FXGL Background Thread 2 ] DEBUG Engine               - soundMenuBack: menu/back.wav
11:59:50.303 [FXGL Background Thread 2 ] DEBUG Engine               - appIcon: fxgl_icon.png
11:59:50.303 [FXGL Background Thread 2 ] DEBUG Engine               - isFullScreenAllowed: false
11:59:50.303 [FXGL Background Thread 2 ] DEBUG Engine               - isIntroEnabled: false
11:59:50.303 [FXGL Background Thread 2 ] DEBUG Engine               - fontMono: lucida_console.ttf
11:59:50.303 [FXGL Background Thread 2 ] DEBUG Engine               - soundMenuSelect: menu/select.wav
11:59:50.304 [FXGL Background Thread 2 ] DEBUG Engine               - isWindows: true
11:59:50.304 [FXGL Background Thread 2 ] DEBUG Engine               - isUserProfileEnabled: false
11:59:50.304 [FXGL Background Thread 2 ] DEBUG Engine               - isMobile: false
11:59:50.304 [FXGL Background Thread 2 ] DEBUG Engine               - height: 600
11:59:50.304 [FXGL Background Thread 2 ] DEBUG Engine               - isExperimentalNative: false
11:59:50.304 [FXGL Background Thread 2 ] DEBUG Engine               - settings: Title: Project B
Version: Θ
Width: 600
Height: 600
Fullscreen: false
Intro: false
Menus: false
Profiling: false
Single step:false
App Mode: DEVELOPER
Menu Key: ESCAPE
Stage Style: DECORATED
Scene Factory: class com.almasb.fxgl.app.scene.SceneFactory

11:59:50.304 [FXGL Background Thread 2 ] DEBUG Engine               - isSingleStep: false
11:59:50.305 [FXGL Background Thread 2 ] DEBUG Engine               - cSSList: [fxgl_dark.css]
11:59:50.305 [FXGL Background Thread 2 ] DEBUG Engine               - fontGame: Abel-Regular.ttf
11:59:50.305 [FXGL Background Thread 2 ] DEBUG Engine               - menuKey: ESCAPE
11:59:50.305 [FXGL Background Thread 2 ] DEBUG Engine               - devShowPositionProperty: BooleanProperty [value: false]
11:59:50.305 [FXGL Background Thread 2 ] DEBUG Engine               - versionCheckDays: 7
11:59:50.305 [FXGL Background Thread 2 ] DEBUG Engine               - configClass: Optional.empty
11:59:50.305 [FXGL Background Thread 2 ] DEBUG Engine               - isFullScreenFromStart: false
11:59:50.305 [FXGL Background Thread 2 ] DEBUG Engine               - version: Θ
11:59:50.305 [FXGL Background Thread 2 ] DEBUG Engine               - fullScreen: BooleanProperty [value: false]
11:59:50.306 [FXGL Background Thread 2 ] DEBUG Engine               - randomSeed: -1
11:59:50.306 [FXGL Background Thread 2 ] DEBUG Engine               - gameDifficultyProperty: ObjectProperty [value: MEDIUM]
11:59:50.306 [FXGL Background Thread 2 ] DEBUG Engine               - applicationMode: DEVELOPER
11:59:50.306 [FXGL Background Thread 2 ] DEBUG Engine               - isMac: false
11:59:50.306 [FXGL Background Thread 2 ] DEBUG Engine               - isMenuEnabled: false
11:59:50.306 [FXGL Background Thread 2 ] DEBUG Engine               - urlPOM: https://raw.githubusercontent.com/AlmasB/FXGL/master/pom.xml
11:59:50.306 [FXGL Background Thread 2 ] DEBUG Engine               - profileName: StringProperty [value: DEFAULT]
11:59:50.306 [FXGL Background Thread 2 ] DEBUG Engine               - notificationViewClass: class com.almasb.fxgl.notification.view.XboxNotificationView
11:59:50.307 [FXGL Background Thread 2 ] DEBUG Engine               - devSensorColorProperty: ObjectProperty [value: 0xffff00ff]
11:59:50.307 [FXGL Background Thread 2 ] DEBUG Engine               - sceneFactory: com.almasb.fxgl.app.scene.SceneFactory@778a5ca1
11:59:50.307 [FXGL Background Thread 2 ] DEBUG Engine               - stageStyle: DECORATED
11:59:50.307 [FXGL Background Thread 2 ] DEBUG Engine               - isManualResizeEnabled: false
11:59:50.307 [FXGL Background Thread 2 ] DEBUG Engine               - title: Project B
11:59:50.307 [FXGL Background Thread 2 ] DEBUG Engine               - platform: WINDOWS
11:59:50.308 [FXGL Background Thread 2 ] DEBUG Engine               - devBBoxColorProperty: ObjectProperty [value: 0xff0000ff]
11:59:50.308 [FXGL Background Thread 2 ] DEBUG Engine               - gameDifficulty: MEDIUM
11:59:50.308 [FXGL Background Thread 2 ] DEBUG Engine               - isDesktop: true
11:59:50.308 [FXGL Background Thread 2 ] DEBUG Engine               - supportedLanguages: [ENGLISH, FRENCH, GERMAN, HUNGARIAN, RUSSIAN]
11:59:50.308 [FXGL Background Thread 2 ] DEBUG Engine               - credits: []
11:59:50.308 [FXGL Background Thread 2 ] DEBUG Engine               - globalMusicVolumeProperty: DoubleProperty [value: 0.5]
11:59:50.308 [FXGL Background Thread 2 ] DEBUG Engine               - isPreserveResizeRatio: false
11:59:50.308 [FXGL Background Thread 2 ] DEBUG Engine               - fontText: Courier-Prime.ttf
11:59:50.309 [FXGL Background Thread 2 ] DEBUG Engine               - isExperimentalTiledLargeMap: false
11:59:50.309 [FXGL Background Thread 2 ] DEBUG Engine               - secondsIn24h: 60
11:59:50.309 [FXGL Background Thread 2 ] DEBUG Engine               - runtimeInfo: RuntimeInfo(platform=WINDOWS, version=11.8, build=08.03.2020 09.25)
11:59:50.309 [FXGL Background Thread 2 ] DEBUG Engine               - isLinux: false
11:59:50.309 [FXGL Background Thread 2 ] DEBUG Engine               - soundMenuPress: menu/press.wav
11:59:50.309 [FXGL Background Thread 2 ] DEBUG Engine               - urlGithub: https://github.com/AlmasB/FXGL
11:59:50.309 [FXGL Background Thread 2 ] DEBUG Engine               - profileDir: profiles/
11:59:50.309 [FXGL Background Thread 2 ] DEBUG Engine               - isDeveloperMenuEnabled: false
11:59:50.309 [FXGL Background Thread 2 ] DEBUG Engine               - globalSoundVolumeProperty: DoubleProperty [value: 0.5]
11:59:50.310 [FXGL Background Thread 2 ] DEBUG Engine               - mainWindow: com.almasb.fxgl.app.MainWindow@73b5c688
11:59:50.310 [FXGL Background Thread 2 ] DEBUG Engine               - isBrowser: false
11:59:50.310 [FXGL Background Thread 2 ] DEBUG Engine               - globalSoundVolume: 0.5
11:59:50.310 [FXGL Background Thread 2 ] DEBUG Engine               - urlLeaderboard: http://fxgl-top.herokuapp.com/
11:59:50.310 [FXGL Background Thread 2 ] DEBUG Engine               - engineServices: [class com.almasb.fxgl.app.GameApplication$GameApplicationService, class com.almasb.fxgl.app.services.WindowService, class com.almasb.fxgl.app.services.FXGLDialogService, class com.almasb.fxgl.app.services.IOTaskExecutorService, class com.almasb.fxgl.event.EventBusService, class com.almasb.fxgl.io.FileSystemService, class com.almasb.fxgl.localization.LocalizationService, class com.almasb.fxgl.app.services.AssetLoaderService, class com.almasb.fxgl.app.services.SystemBundleService, class com.almasb.fxgl.profile.SaveLoadService, class com.almasb.fxgl.ui.FXGLUIFactoryServiceProvider, class com.almasb.fxgl.ui.FXGLDialogFactoryServiceProvider, class com.almasb.fxgl.audio.AudioPlayer, class com.almasb.fxgl.notification.impl.NotificationServiceProvider, class com.almasb.fxgl.achievement.AchievementService, class com.almasb.fxgl.cutscene.CutsceneService, class com.almasb.fxgl.minigames.MiniGameService, class com.almasb.fxgl.net.NetService, class com.almasb.fxgl.app.services.UpdaterService]
11:59:50.310 [FXGL Background Thread 2 ] DEBUG Engine               - globalMusicVolume: 0.5
11:59:50.310 [FXGL Background Thread 2 ] DEBUG Engine               - width: 600
11:59:50.310 [FXGL Background Thread 2 ] DEBUG Engine               - saveFileExt: sav
11:59:50.310 [FXGL Background Thread 2 ] DEBUG Engine               - isAndroid: false
11:59:50.310 [FXGL Background Thread 2 ] DEBUG Engine               - fontUI: VarelaRound-Regular.ttf
11:59:50.310 [FXGL Background Thread 2 ] DEBUG Engine               - enabledMenuItems: []
11:59:50.310 [FXGL Background Thread 2 ] DEBUG Engine               - isIOS: false
11:59:50.311 [FXGL Background Thread 2 ] DEBUG Engine               - Logging services
11:59:50.311 [FXGL Background Thread 2 ] DEBUG Engine               - class com.almasb.fxgl.app.GameApplication$GameApplicationService
11:59:50.311 [FXGL Background Thread 2 ] DEBUG Engine               - class com.almasb.fxgl.app.services.WindowService
11:59:50.311 [FXGL Background Thread 2 ] DEBUG Engine               - class com.almasb.fxgl.app.services.FXGLDialogService
11:59:50.311 [FXGL Background Thread 2 ] DEBUG Engine               - class com.almasb.fxgl.app.services.IOTaskExecutorService
11:59:50.311 [FXGL Background Thread 2 ] DEBUG Engine               - class com.almasb.fxgl.event.EventBusService
11:59:50.311 [FXGL Background Thread 2 ] DEBUG Engine               - class com.almasb.fxgl.io.FileSystemService
11:59:50.311 [FXGL Background Thread 2 ] DEBUG Engine               - class com.almasb.fxgl.localization.LocalizationService
11:59:50.311 [FXGL Background Thread 2 ] DEBUG Engine               - class com.almasb.fxgl.app.services.AssetLoaderService
11:59:50.311 [FXGL Background Thread 2 ] DEBUG Engine               - class com.almasb.fxgl.app.services.SystemBundleService
11:59:50.311 [FXGL Background Thread 2 ] DEBUG Engine               - class com.almasb.fxgl.profile.SaveLoadService
11:59:50.311 [FXGL Background Thread 2 ] DEBUG Engine               - class com.almasb.fxgl.ui.FXGLUIFactoryServiceProvider
11:59:50.311 [FXGL Background Thread 2 ] DEBUG Engine               - class com.almasb.fxgl.ui.FXGLDialogFactoryServiceProvider
11:59:50.311 [FXGL Background Thread 2 ] DEBUG Engine               - class com.almasb.fxgl.audio.AudioPlayer
11:59:50.312 [FXGL Background Thread 2 ] DEBUG Engine               - class com.almasb.fxgl.notification.impl.NotificationServiceProvider
11:59:50.312 [FXGL Background Thread 2 ] DEBUG Engine               - class com.almasb.fxgl.achievement.AchievementService
11:59:50.312 [FXGL Background Thread 2 ] DEBUG Engine               - class com.almasb.fxgl.cutscene.CutsceneService
11:59:50.312 [FXGL Background Thread 2 ] DEBUG Engine               - class com.almasb.fxgl.minigames.MiniGameService
11:59:50.312 [FXGL Background Thread 2 ] DEBUG Engine               - class com.almasb.fxgl.net.NetService
11:59:50.312 [FXGL Background Thread 2 ] DEBUG Engine               - class com.almasb.fxgl.app.services.UpdaterService
12:00:06.143 [JavaFX Application Thread] DEBUG GameApplication      - Exiting FXGL
12:00:06.143 [JavaFX Application Thread] DEBUG LoopRunner           - Stopping loop
12:00:06.143 [JavaFX Application Thread] DEBUG SystemBundleService  - Saving FXGL system data
12:00:06.145 [JavaFX Application Thread] DEBUG FileSystemAccess     - Writing to: C:\Users\Lachlan\IdeaProjects\Project B\system\fxgl.bundle
12:00:06.146 [JavaFX Application Thread] DEBUG GameApplication      - Shutting down background threads
12:00:06.146 [JavaFX Application Thread] DEBUG GameApplication      - Closing logger and exiting JavaFX
