12:01:02.045 [main                     ] DEBUG GameApplication      - Logger initialized
12:01:02.059 [main                     ] DEBUG GameApplication      - Logging settings
Title: Project B
Version: Θ
Width: 600
Height: 600
Fullscreen: false
Intro: false
Menus: false
Profiling: false
Single step:false
App Mode: DEVELOPER
Menu Key: ESCAPE
Stage Style: DECORATED
Scene Factory: class com.almasb.fxgl.app.scene.SceneFactory

12:01:02.444 [JavaFX Application Thread] DEBUG GameApplication      - Initializing FXGL
12:01:02.451 [JavaFX Application Thread] INFO  Engine               - FXGL-11.8 (08.03.2020 09.25) on WINDOWS (J:14.0.1 FX:13.0.2)
12:01:02.451 [JavaFX Application Thread] INFO  Engine               - Source code and latest versions at: https://github.com/AlmasB/FXGL
12:01:02.452 [JavaFX Application Thread] INFO  Engine               -              Join the FXGL chat at: https://gitter.im/AlmasB/FXGL
12:01:02.559 [JavaFX Application Thread] DEBUG MainWindow           - Creating a JavaFX scene
12:01:02.614 [JavaFX Application Thread] DEBUG MainWindow           - Target settings size: 600.0 x 600.0
12:01:02.614 [JavaFX Application Thread] DEBUG MainWindow           - Scaled scene size:    600.0 x 600.0
12:01:02.614 [JavaFX Application Thread] DEBUG MainWindow           - Scaled ratio: (1.0, 1.0)
12:01:02.616 [JavaFX Application Thread] DEBUG MainWindow           - Set initial scene to FXGLStartupScene
12:01:02.623 [JavaFX Application Thread] DEBUG MainWindow           - Opening main window
12:01:02.698 [JavaFX Application Thread] DEBUG MainWindow           - Window border size: (16.0, 39.0)
12:01:02.698 [JavaFX Application Thread] DEBUG MainWindow           - Scaled size: 600.0 x 600.0
12:01:02.699 [JavaFX Application Thread] DEBUG MainWindow           - Scaled ratio: (1.0, 1.0)
12:01:02.699 [JavaFX Application Thread] DEBUG MainWindow           - Scene size: 600.0 x 600.0
12:01:02.699 [JavaFX Application Thread] DEBUG MainWindow           - Stage size: 616.0 x 639.0
12:01:02.707 [FXGL Background Thread 1 ] DEBUG Engine               - Initializing environment variables
12:01:02.734 [FXGL Background Thread 1 ] DEBUG WindowService        - Applying CSS: fxgl_dark.css
12:01:02.735 [FXGL Background Thread 1 ] DEBUG AssetLoaderService   - Loading from file system: /assets/ui/css/fxgl_dark.css
12:01:02.776 [FXGL Background Thread 1 ] DEBUG WindowService        - Initializing application scenes
12:01:02.805 [FXGL Background Thread 1 ] DEBUG GameWorld            - Game world initialized
12:01:02.842 [FXGL Background Thread 1 ] DEBUG PhysicsWorld         - Physics world initialized: appHeight=600, physics.ppm=50.0
12:01:02.845 [FXGL Background Thread 1 ] DEBUG GameScene            - Game scene initialized: 600x600
12:01:02.855 [FXGL Background Thread 1 ] DEBUG Input                - Registered new binding: Resume - Esc
12:01:02.861 [FXGL Background Thread 1 ] DEBUG AssetLoaderService   - Loading from file system: /assets/textures/pause_menu_bg.png
12:01:02.911 [FXGL Background Thread 1 ] DEBUG Input                - Registered new binding: Pause - Esc
12:01:02.911 [FXGL Background Thread 1 ] DEBUG WindowService        - Application scenes initialized
12:01:02.919 [FXGL Background Thread 1 ] DEBUG SystemBundleService  - Loading FXGL system data
12:01:02.923 [FXGL Background Thread 1 ] DEBUG FileSystemAccess     - Reading from: C:\Users\Lachlan\IdeaProjects\Project B\system\fxgl.bundle
12:01:02.927 [FXGL Background Thread 1 ] DEBUG SystemBundleService  - Bundle FXGL: {}
12:01:02.928 [FXGL Background Thread 1 ] INFO  Engine               - FXGL initialization took: 0.218 sec
12:01:02.929 [FXGL Background Thread 1 ] DEBUG GameApplication      - Loading localizations
12:01:02.930 [FXGL Background Thread 1 ] DEBUG AssetLoaderService   - Loading from file system: /assets/properties/languages/english.properties
12:01:02.931 [FXGL Background Thread 1 ] DEBUG AssetLoaderService   - Loading from file system: /assets/properties/languages/french.properties
12:01:02.932 [FXGL Background Thread 1 ] DEBUG AssetLoaderService   - Loading from file system: /assets/properties/languages/german.properties
12:01:02.934 [FXGL Background Thread 1 ] DEBUG AssetLoaderService   - Loading from file system: /assets/properties/languages/hungarian.properties
12:01:02.936 [FXGL Background Thread 1 ] DEBUG AssetLoaderService   - Loading from file system: /assets/properties/languages/russian.properties
12:01:02.938 [FXGL Background Thread 1 ] DEBUG GameApplication      - Registering font factories with UI factory
12:01:02.938 [FXGL Background Thread 1 ] DEBUG AssetLoaderService   - Loading from file system: /assets/ui/fonts/VarelaRound-Regular.ttf
12:01:02.971 [FXGL Background Thread 1 ] DEBUG AssetLoaderService   - Loading from file system: /assets/ui/fonts/Abel-Regular.ttf
12:01:02.978 [FXGL Background Thread 1 ] DEBUG AssetLoaderService   - Loading from file system: /assets/ui/fonts/lucida_console.ttf
12:01:02.987 [FXGL Background Thread 1 ] DEBUG AssetLoaderService   - Loading from file system: /assets/ui/fonts/Courier-Prime.ttf
12:01:02.997 [JavaFX Application Thread] DEBUG Input                - Registered new binding: Move Right - D
12:01:02.997 [JavaFX Application Thread] DEBUG Input                - Registered new binding: Move Left - A
12:01:02.997 [JavaFX Application Thread] DEBUG Input                - Registered new binding: Move Up - W
12:01:02.998 [JavaFX Application Thread] DEBUG Input                - Registered new binding: Move Down - S
12:01:02.998 [JavaFX Application Thread] DEBUG AssetLoaderService   - Loading from file system: /assets/textures/fxgl_icon.png
12:01:03.020 [JavaFX Application Thread] DEBUG AssetLoaderService   - Loading from file system: /assets/ui/cursors/fxgl_default.png
12:01:03.023 [JavaFX Application Thread] DEBUG Input                - Registered new binding: Screenshot - P
12:01:03.023 [JavaFX Application Thread] DEBUG Input                - Registered new binding: System info dump - CTRL+9
12:01:03.024 [JavaFX Application Thread] DEBUG Input                - Registered new binding: Restart - CTRL+R
12:01:03.024 [JavaFX Application Thread] DEBUG LoopRunner           - Starting loop
12:01:03.043 [JavaFX Application Thread] DEBUG FXGLStartupScene     - STARTUP
12:01:03.044 [JavaFX Application Thread] DEBUG WindowService        - Starting new game
12:01:03.047 [JavaFX Application Thread] DEBUG Input                - Clearing active input actions
12:01:03.061 [JavaFX Application Thread] DEBUG WindowService        - Removing overlay from FXGLStartupScene and adding to FXGLLoadingScene
12:01:03.061 [JavaFX Application Thread] DEBUG MainWindow           - FXGLStartupScene -> FXGLLoadingScene
12:01:03.061 [JavaFX Application Thread] DEBUG WindowService        - Clearing previous game
12:01:03.062 [JavaFX Application Thread] DEBUG GameScene            - Clearing game scene
12:01:03.062 [JavaFX Application Thread] DEBUG GameWorld            - Clearing game world
12:01:03.062 [JavaFX Application Thread] DEBUG PhysicsWorld         - Clearing physics world
12:01:03.063 [FXGL Background Thread 1 ] DEBUG GameApplication      - Initializing game
12:01:03.070 [FXGL Background Thread 1 ] INFO  GameApplication      - Game initialization took: 0.007 sec
12:01:03.099 [JavaFX Application Thread] DEBUG Input                - Clearing active input actions
12:01:03.108 [JavaFX Application Thread] DEBUG WindowService        - Removing overlay from FXGLLoadingScene and adding to GameScene
12:01:03.109 [JavaFX Application Thread] DEBUG MainWindow           - FXGLLoadingScene -> GameScene
12:01:05.930 [FXGL Background Thread 2 ] DEBUG Engine               - Logging environment variables
12:01:05.930 [FXGL Background Thread 2 ] DEBUG Engine               - achievements: []
12:01:05.930 [FXGL Background Thread 2 ] DEBUG Engine               - language: ObjectProperty [value: ENGLISH]
12:01:05.930 [FXGL Background Thread 2 ] DEBUG Engine               - isCloseConfirmation: false
12:01:05.930 [FXGL Background Thread 2 ] DEBUG Engine               - isProfilingEnabled: false
12:01:05.930 [FXGL Background Thread 2 ] DEBUG Engine               - soundNotification: core/notification.wav
12:01:05.930 [FXGL Background Thread 2 ] DEBUG Engine               - devShowBBoxProperty: BooleanProperty [value: false]
12:01:05.931 [FXGL Background Thread 2 ] DEBUG Engine               - pixelsPerMeter: 50.0
12:01:05.931 [FXGL Background Thread 2 ] DEBUG Engine               - soundMenuBack: menu/back.wav
12:01:05.931 [FXGL Background Thread 2 ] DEBUG Engine               - appIcon: fxgl_icon.png
12:01:05.931 [FXGL Background Thread 2 ] DEBUG Engine               - isFullScreenAllowed: false
12:01:05.931 [FXGL Background Thread 2 ] DEBUG Engine               - isIntroEnabled: false
12:01:05.931 [FXGL Background Thread 2 ] DEBUG Engine               - fontMono: lucida_console.ttf
12:01:05.931 [FXGL Background Thread 2 ] DEBUG Engine               - soundMenuSelect: menu/select.wav
12:01:05.931 [FXGL Background Thread 2 ] DEBUG Engine               - isWindows: true
12:01:05.931 [FXGL Background Thread 2 ] DEBUG Engine               - isMobile: false
12:01:05.931 [FXGL Background Thread 2 ] DEBUG Engine               - isUserProfileEnabled: false
12:01:05.931 [FXGL Background Thread 2 ] DEBUG Engine               - height: 600
12:01:05.931 [FXGL Background Thread 2 ] DEBUG Engine               - isExperimentalNative: false
12:01:05.932 [FXGL Background Thread 2 ] DEBUG Engine               - settings: Title: Project B
Version: Θ
Width: 600
Height: 600
Fullscreen: false
Intro: false
Menus: false
Profiling: false
Single step:false
App Mode: DEVELOPER
Menu Key: ESCAPE
Stage Style: DECORATED
Scene Factory: class com.almasb.fxgl.app.scene.SceneFactory

12:01:05.932 [FXGL Background Thread 2 ] DEBUG Engine               - isSingleStep: false
12:01:05.932 [FXGL Background Thread 2 ] DEBUG Engine               - cSSList: [fxgl_dark.css]
12:01:05.932 [FXGL Background Thread 2 ] DEBUG Engine               - fontGame: Abel-Regular.ttf
12:01:05.932 [FXGL Background Thread 2 ] DEBUG Engine               - menuKey: ESCAPE
12:01:05.932 [FXGL Background Thread 2 ] DEBUG Engine               - devShowPositionProperty: BooleanProperty [value: false]
12:01:05.932 [FXGL Background Thread 2 ] DEBUG Engine               - versionCheckDays: 7
12:01:05.932 [FXGL Background Thread 2 ] DEBUG Engine               - configClass: Optional.empty
12:01:05.932 [FXGL Background Thread 2 ] DEBUG Engine               - isFullScreenFromStart: false
12:01:05.932 [FXGL Background Thread 2 ] DEBUG Engine               - version: Θ
12:01:05.932 [FXGL Background Thread 2 ] DEBUG Engine               - fullScreen: BooleanProperty [value: false]
12:01:05.932 [FXGL Background Thread 2 ] DEBUG Engine               - randomSeed: -1
12:01:05.933 [FXGL Background Thread 2 ] DEBUG Engine               - gameDifficultyProperty: ObjectProperty [value: MEDIUM]
12:01:05.933 [FXGL Background Thread 2 ] DEBUG Engine               - applicationMode: DEVELOPER
12:01:05.933 [FXGL Background Thread 2 ] DEBUG Engine               - isMac: false
12:01:05.933 [FXGL Background Thread 2 ] DEBUG Engine               - isMenuEnabled: false
12:01:05.933 [FXGL Background Thread 2 ] DEBUG Engine               - urlPOM: https://raw.githubusercontent.com/AlmasB/FXGL/master/pom.xml
12:01:05.933 [FXGL Background Thread 2 ] DEBUG Engine               - profileName: StringProperty [value: DEFAULT]
12:01:05.933 [FXGL Background Thread 2 ] DEBUG Engine               - notificationViewClass: class com.almasb.fxgl.notification.view.XboxNotificationView
12:01:05.933 [FXGL Background Thread 2 ] DEBUG Engine               - devSensorColorProperty: ObjectProperty [value: 0xffff00ff]
12:01:05.933 [FXGL Background Thread 2 ] DEBUG Engine               - sceneFactory: com.almasb.fxgl.app.scene.SceneFactory@3d97e91
12:01:05.933 [FXGL Background Thread 2 ] DEBUG Engine               - stageStyle: DECORATED
12:01:05.933 [FXGL Background Thread 2 ] DEBUG Engine               - isManualResizeEnabled: false
12:01:05.934 [FXGL Background Thread 2 ] DEBUG Engine               - title: Project B
12:01:05.934 [FXGL Background Thread 2 ] DEBUG Engine               - platform: WINDOWS
12:01:05.934 [FXGL Background Thread 2 ] DEBUG Engine               - devBBoxColorProperty: ObjectProperty [value: 0xff0000ff]
12:01:05.934 [FXGL Background Thread 2 ] DEBUG Engine               - gameDifficulty: MEDIUM
12:01:05.934 [FXGL Background Thread 2 ] DEBUG Engine               - isDesktop: true
12:01:05.934 [FXGL Background Thread 2 ] DEBUG Engine               - supportedLanguages: [ENGLISH, FRENCH, GERMAN, HUNGARIAN, RUSSIAN]
12:01:05.934 [FXGL Background Thread 2 ] DEBUG Engine               - credits: []
12:01:05.934 [FXGL Background Thread 2 ] DEBUG Engine               - globalMusicVolumeProperty: DoubleProperty [value: 0.5]
12:01:05.935 [FXGL Background Thread 2 ] DEBUG Engine               - isPreserveResizeRatio: false
12:01:05.935 [FXGL Background Thread 2 ] DEBUG Engine               - fontText: Courier-Prime.ttf
12:01:05.935 [FXGL Background Thread 2 ] DEBUG Engine               - isExperimentalTiledLargeMap: false
12:01:05.935 [FXGL Background Thread 2 ] DEBUG Engine               - secondsIn24h: 60
12:01:05.935 [FXGL Background Thread 2 ] DEBUG Engine               - runtimeInfo: RuntimeInfo(platform=WINDOWS, version=11.8, build=08.03.2020 09.25)
12:01:05.935 [FXGL Background Thread 2 ] DEBUG Engine               - isLinux: false
12:01:05.935 [FXGL Background Thread 2 ] DEBUG Engine               - soundMenuPress: menu/press.wav
12:01:05.935 [FXGL Background Thread 2 ] DEBUG Engine               - urlGithub: https://github.com/AlmasB/FXGL
12:01:05.935 [FXGL Background Thread 2 ] DEBUG Engine               - profileDir: profiles/
12:01:05.935 [FXGL Background Thread 2 ] DEBUG Engine               - isDeveloperMenuEnabled: false
12:01:05.936 [FXGL Background Thread 2 ] DEBUG Engine               - globalSoundVolumeProperty: DoubleProperty [value: 0.5]
12:01:05.936 [FXGL Background Thread 2 ] DEBUG Engine               - mainWindow: com.almasb.fxgl.app.MainWindow@7e6fa32
12:01:05.936 [FXGL Background Thread 2 ] DEBUG Engine               - isBrowser: false
12:01:05.936 [FXGL Background Thread 2 ] DEBUG Engine               - globalSoundVolume: 0.5
12:01:05.936 [FXGL Background Thread 2 ] DEBUG Engine               - urlLeaderboard: http://fxgl-top.herokuapp.com/
12:01:05.936 [FXGL Background Thread 2 ] DEBUG Engine               - engineServices: [class com.almasb.fxgl.app.GameApplication$GameApplicationService, class com.almasb.fxgl.app.services.WindowService, class com.almasb.fxgl.app.services.FXGLDialogService, class com.almasb.fxgl.app.services.IOTaskExecutorService, class com.almasb.fxgl.event.EventBusService, class com.almasb.fxgl.io.FileSystemService, class com.almasb.fxgl.localization.LocalizationService, class com.almasb.fxgl.app.services.AssetLoaderService, class com.almasb.fxgl.app.services.SystemBundleService, class com.almasb.fxgl.profile.SaveLoadService, class com.almasb.fxgl.ui.FXGLUIFactoryServiceProvider, class com.almasb.fxgl.ui.FXGLDialogFactoryServiceProvider, class com.almasb.fxgl.audio.AudioPlayer, class com.almasb.fxgl.notification.impl.NotificationServiceProvider, class com.almasb.fxgl.achievement.AchievementService, class com.almasb.fxgl.cutscene.CutsceneService, class com.almasb.fxgl.minigames.MiniGameService, class com.almasb.fxgl.net.NetService, class com.almasb.fxgl.app.services.UpdaterService]
12:01:05.936 [FXGL Background Thread 2 ] DEBUG Engine               - globalMusicVolume: 0.5
12:01:05.936 [FXGL Background Thread 2 ] DEBUG Engine               - width: 600
12:01:05.936 [FXGL Background Thread 2 ] DEBUG Engine               - saveFileExt: sav
12:01:05.936 [FXGL Background Thread 2 ] DEBUG Engine               - isAndroid: false
12:01:05.936 [FXGL Background Thread 2 ] DEBUG Engine               - fontUI: VarelaRound-Regular.ttf
12:01:05.937 [FXGL Background Thread 2 ] DEBUG Engine               - enabledMenuItems: []
12:01:05.937 [FXGL Background Thread 2 ] DEBUG Engine               - isIOS: false
12:01:05.937 [FXGL Background Thread 2 ] DEBUG Engine               - Logging services
12:01:05.937 [FXGL Background Thread 2 ] DEBUG Engine               - class com.almasb.fxgl.app.GameApplication$GameApplicationService
12:01:05.937 [FXGL Background Thread 2 ] DEBUG Engine               - class com.almasb.fxgl.app.services.WindowService
12:01:05.937 [FXGL Background Thread 2 ] DEBUG Engine               - class com.almasb.fxgl.app.services.FXGLDialogService
12:01:05.937 [FXGL Background Thread 2 ] DEBUG Engine               - class com.almasb.fxgl.app.services.IOTaskExecutorService
12:01:05.937 [FXGL Background Thread 2 ] DEBUG Engine               - class com.almasb.fxgl.event.EventBusService
12:01:05.937 [FXGL Background Thread 2 ] DEBUG Engine               - class com.almasb.fxgl.io.FileSystemService
12:01:05.937 [FXGL Background Thread 2 ] DEBUG Engine               - class com.almasb.fxgl.localization.LocalizationService
12:01:05.937 [FXGL Background Thread 2 ] DEBUG Engine               - class com.almasb.fxgl.app.services.AssetLoaderService
12:01:05.937 [FXGL Background Thread 2 ] DEBUG Engine               - class com.almasb.fxgl.app.services.SystemBundleService
12:01:05.937 [FXGL Background Thread 2 ] DEBUG Engine               - class com.almasb.fxgl.profile.SaveLoadService
12:01:05.937 [FXGL Background Thread 2 ] DEBUG Engine               - class com.almasb.fxgl.ui.FXGLUIFactoryServiceProvider
12:01:05.937 [FXGL Background Thread 2 ] DEBUG Engine               - class com.almasb.fxgl.ui.FXGLDialogFactoryServiceProvider
12:01:05.938 [FXGL Background Thread 2 ] DEBUG Engine               - class com.almasb.fxgl.audio.AudioPlayer
12:01:05.938 [FXGL Background Thread 2 ] DEBUG Engine               - class com.almasb.fxgl.notification.impl.NotificationServiceProvider
12:01:05.938 [FXGL Background Thread 2 ] DEBUG Engine               - class com.almasb.fxgl.achievement.AchievementService
12:01:05.938 [FXGL Background Thread 2 ] DEBUG Engine               - class com.almasb.fxgl.cutscene.CutsceneService
12:01:05.938 [FXGL Background Thread 2 ] DEBUG Engine               - class com.almasb.fxgl.minigames.MiniGameService
12:01:05.938 [FXGL Background Thread 2 ] DEBUG Engine               - class com.almasb.fxgl.net.NetService
12:01:05.938 [FXGL Background Thread 2 ] DEBUG Engine               - class com.almasb.fxgl.app.services.UpdaterService
12:01:17.616 [JavaFX Application Thread] DEBUG GameApplication      - Exiting FXGL
12:01:17.616 [JavaFX Application Thread] DEBUG LoopRunner           - Stopping loop
12:01:17.616 [JavaFX Application Thread] DEBUG SystemBundleService  - Saving FXGL system data
12:01:17.617 [JavaFX Application Thread] DEBUG FileSystemAccess     - Writing to: C:\Users\Lachlan\IdeaProjects\Project B\system\fxgl.bundle
12:01:17.619 [JavaFX Application Thread] DEBUG GameApplication      - Shutting down background threads
12:01:17.619 [JavaFX Application Thread] DEBUG GameApplication      - Closing logger and exiting JavaFX
